# JRE version: OpenJDK Runtime Environment (8.0_76-b03) (build 1.8.0_76-release-b03)
# Java VM: OpenJDK 64-Bit Server VM (25.76-b03 mixed mode linux-amd64 compressed oops)
Heap:
 PSYoungGen      total 349696K, used 175104K [0x00000000e0000000, 0x0000000100000000, 0x0000000100000000)
  eden space 175104K, 100% used [0x00000000e0000000,0x00000000eab00000,0x00000000eab00000)
  from space 174592K, 0% used [0x00000000f5580000,0x00000000f5580000,0x0000000100000000)
  to   space 174592K, 0% used [0x00000000eab00000,0x00000000eab00000,0x00000000f5580000)
 ParOldGen       total 1048576K, used 1048313K [0x00000000a0000000, 0x00000000e0000000, 0x00000000e0000000)
  object space 1048576K, 99% used [0x00000000a0000000,0x00000000dffbe608,0x00000000e0000000)
 Metaspace       used 121533K, capacity 129532K, committed 133248K, reserved 1165312K
  class space    used 14426K, capacity 15703K, committed 16512K, reserved 1048576K
GC Heap History (10 events):
Event: 13954.043 GC heap after
Heap after GC invocations=1292 (full 250):
 PSYoungGen      total 349696K, used 0K [0x00000000e0000000, 0x0000000100000000, 0x0000000100000000)
  eden space 175104K, 0% used [0x00000000e0000000,0x00000000e0000000,0x00000000eab00000)
  from space 174592K, 0% used [0x00000000f5580000,0x00000000f5580000,0x0000000100000000)
  to   space 174592K, 0% used [0x00000000eab00000,0x00000000eab00000,0x00000000f5580000)
 ParOldGen       total 1048576K, used 1017110K [0x00000000a0000000, 0x00000000e0000000, 0x00000000e0000000)
  object space 1048576K, 96% used [0x00000000a0000000,0x00000000de145990,0x00000000e0000000)
 Metaspace       used 121533K, capacity 129532K, committed 133248K, reserved 1165312K
  class space    used 14426K, capacity 15703K, committed 16512K, reserved 1048576K
}
Event: 13954.230 GC heap before
{Heap before GC invocations=1293 (full 251):
 PSYoungGen      total 349696K, used 175104K [0x00000000e0000000, 0x0000000100000000, 0x0000000100000000)
  eden space 175104K, 100% used [0x00000000e0000000,0x00000000eab00000,0x00000000eab00000)
  from space 174592K, 0% used [0x00000000f5580000,0x00000000f5580000,0x0000000100000000)
  to   space 174592K, 0% used [0x00000000eab00000,0x00000000eab00000,0x00000000f5580000)
 ParOldGen       total 1048576K, used 1017110K [0x00000000a0000000, 0x00000000e0000000, 0x00000000e0000000)
  object space 1048576K, 96% used [0x00000000a0000000,0x00000000de145990,0x00000000e0000000)
 Metaspace       used 121533K, capacity 129532K, committed 133248K, reserved 1165312K
  class space    used 14426K, capacity 15703K, committed 16512K, reserved 1048576K
Event: 13955.674 GC heap after
Heap after GC invocations=1293 (full 251):
 PSYoungGen      total 349696K, used 0K [0x00000000e0000000, 0x0000000100000000, 0x0000000100000000)
  eden space 175104K, 0% used [0x00000000e0000000,0x00000000e0000000,0x00000000eab00000)
  from space 174592K, 0% used [0x00000000f5580000,0x00000000f5580000,0x0000000100000000)
  to   space 174592K, 0% used [0x00000000eab00000,0x00000000eab00000,0x00000000f5580000)
 ParOldGen       total 1048576K, used 1042148K [0x00000000a0000000, 0x00000000e0000000, 0x00000000e0000000)
  object space 1048576K, 99% used [0x00000000a0000000,0x00000000df9b9370,0x00000000e0000000)
 Metaspace       used 121533K, capacity 129532K, committed 133248K, reserved 1165312K
  class space    used 14426K, capacity 15703K, committed 16512K, reserved 1048576K
}
Event: 13955.825 GC heap before
{Heap before GC invocations=1294 (full 252):
 PSYoungGen      total 349696K, used 175104K [0x00000000e0000000, 0x0000000100000000, 0x0000000100000000)
  eden space 175104K, 100% used [0x00000000e0000000,0x00000000eab00000,0x00000000eab00000)
  from space 174592K, 0% used [0x00000000f5580000,0x00000000f5580000,0x0000000100000000)
  to   space 174592K, 0% used [0x00000000eab00000,0x00000000eab00000,0x00000000f5580000)
 ParOldGen       total 1048576K, used 1042148K [0x00000000a0000000, 0x00000000e0000000, 0x00000000e0000000)
  object space 1048576K, 99% used [0x00000000a0000000,0x00000000df9b9370,0x00000000e0000000)
 Metaspace       used 121533K, capacity 129532K, committed 133248K, reserved 1165312K
  class space    used 14426K, capacity 15703K, committed 16512K, reserved 1048576K
Event: 13958.945 GC heap after
Heap after GC invocations=1294 (full 252):
 PSYoungGen      total 349696K, used 17724K [0x00000000e0000000, 0x0000000100000000, 0x0000000100000000)
  eden space 175104K, 10% used [0x00000000e0000000,0x00000000e114f268,0x00000000eab00000)
  from space 174592K, 0% used [0x00000000f5580000,0x00000000f5580000,0x0000000100000000)
  to   space 174592K, 0% used [0x00000000eab00000,0x00000000eab00000,0x00000000f5580000)
 ParOldGen       total 1048576K, used 1048504K [0x00000000a0000000, 0x00000000e0000000, 0x00000000e0000000)
  object space 1048576K, 99% used [0x00000000a0000000,0x00000000dffee0d0,0x00000000e0000000)
 Metaspace       used 121533K, capacity 129532K, committed 133248K, reserved 1165312K
  class space    used 14426K, capacity 15703K, committed 16512K, reserved 1048576K
}
Event: 13959.079 GC heap before
{Heap before GC invocations=1295 (full 253):
 PSYoungGen      total 349696K, used 175104K [0x00000000e0000000, 0x0000000100000000, 0x0000000100000000)
  eden space 175104K, 100% used [0x00000000e0000000,0x00000000eab00000,0x00000000eab00000)
  from space 174592K, 0% used [0x00000000f5580000,0x00000000f5580000,0x0000000100000000)
  to   space 174592K, 0% used [0x00000000eab00000,0x00000000eab00000,0x00000000f5580000)
 ParOldGen       total 1048576K, used 1048504K [0x00000000a0000000, 0x00000000e0000000, 0x00000000e0000000)
  object space 1048576K, 99% used [0x00000000a0000000,0x00000000dffee0d0,0x00000000e0000000)
 Metaspace       used 121533K, capacity 129532K, committed 133248K, reserved 1165312K
  class space    used 14426K, capacity 15703K, committed 16512K, reserved 1048576K
Event: 13961.484 GC heap after
Heap after GC invocations=1295 (full 253):
 PSYoungGen      total 349696K, used 41314K [0x00000000e0000000, 0x0000000100000000, 0x0000000100000000)
  eden space 175104K, 23% used [0x00000000e0000000,0x00000000e28588f0,0x00000000eab00000)
  from space 174592K, 0% used [0x00000000f5580000,0x00000000f5580000,0x0000000100000000)
  to   space 174592K, 0% used [0x00000000eab00000,0x00000000eab00000,0x00000000f5580000)
 ParOldGen       total 1048576K, used 1048316K [0x00000000a0000000, 0x00000000e0000000, 0x00000000e0000000)
  object space 1048576K, 99% used [0x00000000a0000000,0x00000000dffbf148,0x00000000e0000000)
 Metaspace       used 121533K, capacity 129532K, committed 133248K, reserved 1165312K
  class space    used 14426K, capacity 15703K, committed 16512K, reserved 1048576K
}
Event: 13961.579 GC heap before
{Heap before GC invocations=1296 (full 254):
 PSYoungGen      total 349696K, used 175104K [0x00000000e0000000, 0x0000000100000000, 0x0000000100000000)
  eden space 175104K, 100% used [0x00000000e0000000,0x00000000eab00000,0x00000000eab00000)
  from space 174592K, 0% used [0x00000000f5580000,0x00000000f5580000,0x0000000100000000)
  to   space 174592K, 0% used [0x00000000eab00000,0x00000000eab00000,0x00000000f5580000)
 ParOldGen       total 1048576K, used 1048316K [0x00000000a0000000, 0x00000000e0000000, 0x00000000e0000000)
  object space 1048576K, 99% used [0x00000000a0000000,0x00000000dffbf148,0x00000000e0000000)
 Metaspace       used 121533K, capacity 129532K, committed 133248K, reserved 1165312K
  class space    used 14426K, capacity 15703K, committed 16512K, reserved 1048576K
Event: 13964.084 GC heap after
Heap after GC invocations=1296 (full 254):
 PSYoungGen      total 349696K, used 59655K [0x00000000e0000000, 0x0000000100000000, 0x0000000100000000)
  eden space 175104K, 34% used [0x00000000e0000000,0x00000000e3a41fc0,0x00000000eab00000)
  from space 174592K, 0% used [0x00000000f5580000,0x00000000f5580000,0x0000000100000000)
  to   space 174592K, 0% used [0x00000000eab00000,0x00000000eab00000,0x00000000f5580000)
 ParOldGen       total 1048576K, used 1048313K [0x00000000a0000000, 0x00000000e0000000, 0x00000000e0000000)
  object space 1048576K, 99% used [0x00000000a0000000,0x00000000dffbe608,0x00000000e0000000)
 Metaspace       used 121533K, capacity 129532K, committed 133248K, reserved 1165312K
  class space    used 14426K, capacity 15703K, committed 16512K, reserved 1048576K
}
Event: 13964.219 GC heap before
{Heap before GC invocations=1297 (full 255):
 PSYoungGen      total 349696K, used 175104K [0x00000000e0000000, 0x0000000100000000, 0x0000000100000000)
  eden space 175104K, 100% used [0x00000000e0000000,0x00000000eab00000,0x00000000eab00000)
  from space 174592K, 0% used [0x00000000f5580000,0x00000000f5580000,0x0000000100000000)
  to   space 174592K, 0% used [0x00000000eab00000,0x00000000eab00000,0x00000000f5580000)
 ParOldGen       total 1048576K, used 1048313K [0x00000000a0000000, 0x00000000e0000000, 0x00000000e0000000)
  object space 1048576K, 99% used [0x00000000a0000000,0x00000000dffbe608,0x00000000e0000000)
 Metaspace       used 121533K, capacity 129532K, committed 133248K, reserved 1165312K
  class space    used 14426K, capacity 15703K, committed 16512K, reserved 1048576K

