# JRE version: OpenJDK Runtime Environment (8.0_76-b03) (build 1.8.0_76-release-b03)
# Java VM: OpenJDK 64-Bit Server VM (25.76-b03 mixed mode linux-amd64 compressed oops)
Heap:
 PSYoungGen      total 408064K, used 53512K [0x00000000e0000000, 0x0000000100000000, 0x0000000100000000)
  eden space 292864K, 0% used [0x00000000e0000000,0x00000000e0000000,0x00000000f1e00000)
  from space 115200K, 46% used [0x00000000f8f80000,0x00000000fc3c2088,0x0000000100000000)
  to   space 115712K, 0% used [0x00000000f1e00000,0x00000000f1e00000,0x00000000f8f00000)
 ParOldGen       total 877568K, used 830359K [0x00000000a0000000, 0x00000000d5900000, 0x00000000e0000000)
  object space 877568K, 94% used [0x00000000a0000000,0x00000000d2ae5da8,0x00000000d5900000)
 Metaspace       used 119249K, capacity 130866K, committed 131200K, reserved 1165312K
  class space    used 14772K, capacity 16144K, committed 16256K, reserved 1048576K
GC Heap History (10 events):
Event: 28964.284 GC heap after
Heap after GC invocations=225 (full 23):
 PSYoungGen      total 391680K, used 3038K [0x00000000e0000000, 0x00000000ff580000, 0x0000000100000000)
  eden space 283136K, 0% used [0x00000000e0000000,0x00000000e0000000,0x00000000f1480000)
  from space 108544K, 2% used [0x00000000f8b80000,0x00000000f8e77990,0x00000000ff580000)
  to   space 115200K, 0% used [0x00000000f1480000,0x00000000f1480000,0x00000000f8500000)
 ParOldGen       total 877568K, used 751157K [0x00000000a0000000, 0x00000000d5900000, 0x00000000e0000000)
  object space 877568K, 85% used [0x00000000a0000000,0x00000000cdd8d698,0x00000000d5900000)
 Metaspace       used 115308K, capacity 126204K, committed 130432K, reserved 1163264K
  class space    used 14249K, capacity 15543K, committed 16256K, reserved 1048576K
}
Event: 28968.101 GC heap before
{Heap before GC invocations=226 (full 23):
 PSYoungGen      total 391680K, used 286174K [0x00000000e0000000, 0x00000000ff580000, 0x0000000100000000)
  eden space 283136K, 100% used [0x00000000e0000000,0x00000000f1480000,0x00000000f1480000)
  from space 108544K, 2% used [0x00000000f8b80000,0x00000000f8e77990,0x00000000ff580000)
  to   space 115200K, 0% used [0x00000000f1480000,0x00000000f1480000,0x00000000f8500000)
 ParOldGen       total 877568K, used 751157K [0x00000000a0000000, 0x00000000d5900000, 0x00000000e0000000)
  object space 877568K, 85% used [0x00000000a0000000,0x00000000cdd8d698,0x00000000d5900000)
 Metaspace       used 115415K, capacity 126456K, committed 130432K, reserved 1163264K
  class space    used 14272K, capacity 15585K, committed 16256K, reserved 1048576K
Event: 28968.129 GC heap after
Heap after GC invocations=226 (full 23):
 PSYoungGen      total 398336K, used 10150K [0x00000000e0000000, 0x00000000ffb80000, 0x0000000100000000)
  eden space 283136K, 0% used [0x00000000e0000000,0x00000000e0000000,0x00000000f1480000)
  from space 115200K, 8% used [0x00000000f1480000,0x00000000f1e69920,0x00000000f8500000)
  to   space 109568K, 0% used [0x00000000f9080000,0x00000000f9080000,0x00000000ffb80000)
 ParOldGen       total 877568K, used 753021K [0x00000000a0000000, 0x00000000d5900000, 0x00000000e0000000)
  object space 877568K, 85% used [0x00000000a0000000,0x00000000cdf5f778,0x00000000d5900000)
 Metaspace       used 115415K, capacity 126456K, committed 130432K, reserved 1163264K
  class space    used 14272K, capacity 15585K, committed 16256K, reserved 1048576K
}
Event: 29268.191 GC heap before
{Heap before GC invocations=227 (full 23):
 PSYoungGen      total 398336K, used 293286K [0x00000000e0000000, 0x00000000ffb80000, 0x0000000100000000)
  eden space 283136K, 100% used [0x00000000e0000000,0x00000000f1480000,0x00000000f1480000)
  from space 115200K, 8% used [0x00000000f1480000,0x00000000f1e69920,0x00000000f8500000)
  to   space 109568K, 0% used [0x00000000f9080000,0x00000000f9080000,0x00000000ffb80000)
 ParOldGen       total 877568K, used 753021K [0x00000000a0000000, 0x00000000d5900000, 0x00000000e0000000)
  object space 877568K, 85% used [0x00000000a0000000,0x00000000cdf5f778,0x00000000d5900000)
 Metaspace       used 115490K, capacity 126604K, committed 130432K, reserved 1163264K
  class space    used 14285K, capacity 15603K, committed 16256K, reserved 1048576K
Event: 29268.244 GC heap after
Heap after GC invocations=227 (full 23):
 PSYoungGen      total 399872K, used 3761K [0x00000000e0000000, 0x00000000ff280000, 0x0000000100000000)
  eden space 299520K, 0% used [0x00000000e0000000,0x00000000e0000000,0x00000000f2480000)
  from space 100352K, 3% used [0x00000000f9080000,0x00000000f942c7f8,0x00000000ff280000)
  to   space 105472K, 0% used [0x00000000f2480000,0x00000000f2480000,0x00000000f8b80000)
 ParOldGen       total 877568K, used 759123K [0x00000000a0000000, 0x00000000d5900000, 0x00000000e0000000)
  object space 877568K, 86% used [0x00000000a0000000,0x00000000ce554e18,0x00000000d5900000)
 Metaspace       used 115490K, capacity 126604K, committed 130432K, reserved 1163264K
  class space    used 14285K, capacity 15603K, committed 16256K, reserved 1048576K
}
Event: 29272.670 GC heap before
{Heap before GC invocations=228 (full 23):
 PSYoungGen      total 399872K, used 303281K [0x00000000e0000000, 0x00000000ff280000, 0x0000000100000000)
  eden space 299520K, 100% used [0x00000000e0000000,0x00000000f2480000,0x00000000f2480000)
  from space 100352K, 3% used [0x00000000f9080000,0x00000000f942c7f8,0x00000000ff280000)
  to   space 105472K, 0% used [0x00000000f2480000,0x00000000f2480000,0x00000000f8b80000)
 ParOldGen       total 877568K, used 759123K [0x00000000a0000000, 0x00000000d5900000, 0x00000000e0000000)
  object space 877568K, 86% used [0x00000000a0000000,0x00000000ce554e18,0x00000000d5900000)
 Metaspace       used 117287K, capacity 128948K, committed 130432K, reserved 1163264K
  class space    used 14522K, capacity 15915K, committed 16256K, reserved 1048576K
Event: 29272.787 GC heap after
Heap after GC invocations=228 (full 23):
 PSYoungGen      total 404992K, used 73381K [0x00000000e0000000, 0x0000000100000000, 0x0000000100000000)
  eden space 299520K, 0% used [0x00000000e0000000,0x00000000e0000000,0x00000000f2480000)
  from space 105472K, 69% used [0x00000000f2480000,0x00000000f6c29690,0x00000000f8b80000)
  to   space 115200K, 0% used [0x00000000f8f80000,0x00000000f8f80000,0x0000000100000000)
 ParOldGen       total 877568K, used 762255K [0x00000000a0000000, 0x00000000d5900000, 0x00000000e0000000)
  object space 877568K, 86% used [0x00000000a0000000,0x00000000ce863f38,0x00000000d5900000)
 Metaspace       used 117287K, capacity 128948K, committed 130432K, reserved 1163264K
  class space    used 14522K, capacity 15915K, committed 16256K, reserved 1048576K
}
Event: 29275.261 GC heap before
{Heap before GC invocations=229 (full 23):
 PSYoungGen      total 404992K, used 372901K [0x00000000e0000000, 0x0000000100000000, 0x0000000100000000)
  eden space 299520K, 100% used [0x00000000e0000000,0x00000000f2480000,0x00000000f2480000)
  from space 105472K, 69% used [0x00000000f2480000,0x00000000f6c29690,0x00000000f8b80000)
  to   space 115200K, 0% used [0x00000000f8f80000,0x00000000f8f80000,0x0000000100000000)
 ParOldGen       total 877568K, used 762255K [0x00000000a0000000, 0x00000000d5900000, 0x00000000e0000000)
  object space 877568K, 86% used [0x00000000a0000000,0x00000000ce863f38,0x00000000d5900000)
 Metaspace       used 119249K, capacity 130866K, committed 131200K, reserved 1165312K
  class space    used 14772K, capacity 16144K, committed 16256K, reserved 1048576K
Event: 29275.570 GC heap after
Heap after GC invocations=229 (full 23):
 PSYoungGen      total 408064K, used 53512K [0x00000000e0000000, 0x0000000100000000, 0x0000000100000000)
  eden space 292864K, 0% used [0x00000000e0000000,0x00000000e0000000,0x00000000f1e00000)
  from space 115200K, 46% used [0x00000000f8f80000,0x00000000fc3c2088,0x0000000100000000)
  to   space 115712K, 0% used [0x00000000f1e00000,0x00000000f1e00000,0x00000000f8f00000)
 ParOldGen       total 877568K, used 830359K [0x00000000a0000000, 0x00000000d5900000, 0x00000000e0000000)
  object space 877568K, 94% used [0x00000000a0000000,0x00000000d2ae5da8,0x00000000d5900000)
 Metaspace       used 119249K, capacity 130866K, committed 131200K, reserved 1165312K
  class space    used 14772K, capacity 16144K, committed 16256K, reserved 1048576K
}
Event: 29275.570 GC heap before
{Heap before GC invocations=230 (full 24):
 PSYoungGen      total 408064K, used 53512K [0x00000000e0000000, 0x0000000100000000, 0x0000000100000000)
  eden space 292864K, 0% used [0x00000000e0000000,0x00000000e0000000,0x00000000f1e00000)
  from space 115200K, 46% used [0x00000000f8f80000,0x00000000fc3c2088,0x0000000100000000)
  to   space 115712K, 0% used [0x00000000f1e00000,0x00000000f1e00000,0x00000000f8f00000)
 ParOldGen       total 877568K, used 830359K [0x00000000a0000000, 0x00000000d5900000, 0x00000000e0000000)
  object space 877568K, 94% used [0x00000000a0000000,0x00000000d2ae5da8,0x00000000d5900000)
 Metaspace       used 119249K, capacity 130866K, committed 131200K, reserved 1165312K
  class space    used 14772K, capacity 16144K, committed 16256K, reserved 1048576K

