# JRE version: OpenJDK Runtime Environment (8.0_76-b03) (build 1.8.0_76-release-b03)
# Java VM: OpenJDK 64-Bit Server VM (25.76-b03 mixed mode linux-amd64 compressed oops)
Heap:
 PSYoungGen      total 350720K, used 25181K [0x00000000e0000000, 0x0000000100000000, 0x0000000100000000)
  eden space 177152K, 0% used [0x00000000e0000000,0x00000000e0000000,0x00000000ead00000)
  from space 173568K, 14% used [0x00000000ead00000,0x00000000ec597758,0x00000000f5680000)
  to   space 167424K, 0% used [0x00000000f5c80000,0x00000000f5c80000,0x0000000100000000)
 ParOldGen       total 931840K, used 895201K [0x00000000a0000000, 0x00000000d8e00000, 0x00000000e0000000)
  object space 931840K, 96% used [0x00000000a0000000,0x00000000d6a385c0,0x00000000d8e00000)
 Metaspace       used 119740K, capacity 131744K, committed 138368K, reserved 1171456K
  class space    used 14752K, capacity 16312K, committed 17280K, reserved 1048576K
GC Heap History (10 events):
Event: 15426.154 GC heap after
Heap after GC invocations=376 (full 38):
 PSYoungGen      total 410112K, used 84977K [0x00000000e0000000, 0x0000000100000000, 0x0000000100000000)
  eden space 325120K, 0% used [0x00000000e0000000,0x00000000e0000000,0x00000000f3d80000)
  from space 84992K, 99% used [0x00000000f3d80000,0x00000000f907c558,0x00000000f9080000)
  to   space 110080K, 0% used [0x00000000f9480000,0x00000000f9480000,0x0000000100000000)
 ParOldGen       total 931840K, used 784756K [0x00000000a0000000, 0x00000000d8e00000, 0x00000000e0000000)
  object space 931840K, 84% used [0x00000000a0000000,0x00000000cfe5d338,0x00000000d8e00000)
 Metaspace       used 119695K, capacity 131652K, committed 138368K, reserved 1171456K
  class space    used 14744K, capacity 16304K, committed 17280K, reserved 1048576K
}
Event: 15427.368 GC heap before
{Heap before GC invocations=377 (full 38):
 PSYoungGen      total 410112K, used 410097K [0x00000000e0000000, 0x0000000100000000, 0x0000000100000000)
  eden space 325120K, 100% used [0x00000000e0000000,0x00000000f3d80000,0x00000000f3d80000)
  from space 84992K, 99% used [0x00000000f3d80000,0x00000000f907c558,0x00000000f9080000)
  to   space 110080K, 0% used [0x00000000f9480000,0x00000000f9480000,0x0000000100000000)
 ParOldGen       total 931840K, used 784756K [0x00000000a0000000, 0x00000000d8e00000, 0x00000000e0000000)
  object space 931840K, 84% used [0x00000000a0000000,0x00000000cfe5d338,0x00000000d8e00000)
 Metaspace       used 119698K, capacity 131652K, committed 138368K, reserved 1171456K
  class space    used 14744K, capacity 16304K, committed 17280K, reserved 1048576K
Event: 15427.495 GC heap after
Heap after GC invocations=377 (full 38):
 PSYoungGen      total 366080K, used 110050K [0x00000000e0000000, 0x0000000100000000, 0x0000000100000000)
  eden space 256000K, 0% used [0x00000000e0000000,0x00000000e0000000,0x00000000efa00000)
  from space 110080K, 99% used [0x00000000f9480000,0x00000000ffff8a58,0x0000000100000000)
  to   space 134144K, 0% used [0x00000000efa00000,0x00000000efa00000,0x00000000f7d00000)
 ParOldGen       total 931840K, used 792520K [0x00000000a0000000, 0x00000000d8e00000, 0x00000000e0000000)
  object space 931840K, 85% used [0x00000000a0000000,0x00000000d05f21c8,0x00000000d8e00000)
 Metaspace       used 119698K, capacity 131652K, committed 138368K, reserved 1171456K
  class space    used 14744K, capacity 16304K, committed 17280K, reserved 1048576K
}
Event: 15427.754 GC heap before
{Heap before GC invocations=378 (full 38):
 PSYoungGen      total 366080K, used 366050K [0x00000000e0000000, 0x0000000100000000, 0x0000000100000000)
  eden space 256000K, 100% used [0x00000000e0000000,0x00000000efa00000,0x00000000efa00000)
  from space 110080K, 99% used [0x00000000f9480000,0x00000000ffff8a58,0x0000000100000000)
  to   space 134144K, 0% used [0x00000000efa00000,0x00000000efa00000,0x00000000f7d00000)
 ParOldGen       total 931840K, used 792520K [0x00000000a0000000, 0x00000000d8e00000, 0x00000000e0000000)
  object space 931840K, 85% used [0x00000000a0000000,0x00000000d05f21c8,0x00000000d8e00000)
 Metaspace       used 119698K, capacity 131652K, committed 138368K, reserved 1171456K
  class space    used 14744K, capacity 16304K, committed 17280K, reserved 1048576K
Event: 15427.856 GC heap after
Heap after GC invocations=378 (full 38):
 PSYoungGen      total 390144K, used 134112K [0x00000000e0000000, 0x0000000100000000, 0x0000000100000000)
  eden space 256000K, 0% used [0x00000000e0000000,0x00000000e0000000,0x00000000efa00000)
  from space 134144K, 99% used [0x00000000efa00000,0x00000000f7cf8188,0x00000000f7d00000)
  to   space 134144K, 0% used [0x00000000f7d00000,0x00000000f7d00000,0x0000000100000000)
 ParOldGen       total 931840K, used 794859K [0x00000000a0000000, 0x00000000d8e00000, 0x00000000e0000000)
  object space 931840K, 85% used [0x00000000a0000000,0x00000000d083ad68,0x00000000d8e00000)
 Metaspace       used 119698K, capacity 131652K, committed 138368K, reserved 1171456K
  class space    used 14744K, capacity 16304K, committed 17280K, reserved 1048576K
}
Event: 15428.664 GC heap before
{Heap before GC invocations=379 (full 38):
 PSYoungGen      total 390144K, used 390112K [0x00000000e0000000, 0x0000000100000000, 0x0000000100000000)
  eden space 256000K, 100% used [0x00000000e0000000,0x00000000efa00000,0x00000000efa00000)
  from space 134144K, 99% used [0x00000000efa00000,0x00000000f7cf8188,0x00000000f7d00000)
  to   space 134144K, 0% used [0x00000000f7d00000,0x00000000f7d00000,0x0000000100000000)
 ParOldGen       total 931840K, used 794859K [0x00000000a0000000, 0x00000000d8e00000, 0x00000000e0000000)
  object space 931840K, 85% used [0x00000000a0000000,0x00000000d083ad68,0x00000000d8e00000)
 Metaspace       used 119698K, capacity 131652K, committed 138368K, reserved 1171456K
  class space    used 14744K, capacity 16304K, committed 17280K, reserved 1048576K
Event: 15428.752 GC heap after
Heap after GC invocations=379 (full 38):
 PSYoungGen      total 311296K, used 115595K [0x00000000e0000000, 0x0000000100000000, 0x0000000100000000)
  eden space 177152K, 0% used [0x00000000e0000000,0x00000000e0000000,0x00000000ead00000)
  from space 134144K, 86% used [0x00000000f7d00000,0x00000000fede2f38,0x0000000100000000)
  to   space 173568K, 0% used [0x00000000ead00000,0x00000000ead00000,0x00000000f5680000)
 ParOldGen       total 931840K, used 803537K [0x00000000a0000000, 0x00000000d8e00000, 0x00000000e0000000)
  object space 931840K, 86% used [0x00000000a0000000,0x00000000d10b45f8,0x00000000d8e00000)
 Metaspace       used 119698K, capacity 131652K, committed 138368K, reserved 1171456K
  class space    used 14744K, capacity 16304K, committed 17280K, reserved 1048576K
}
Event: 15580.410 GC heap before
{Heap before GC invocations=380 (full 38):
 PSYoungGen      total 311296K, used 292747K [0x00000000e0000000, 0x0000000100000000, 0x0000000100000000)
  eden space 177152K, 100% used [0x00000000e0000000,0x00000000ead00000,0x00000000ead00000)
  from space 134144K, 86% used [0x00000000f7d00000,0x00000000fede2f38,0x0000000100000000)
  to   space 173568K, 0% used [0x00000000ead00000,0x00000000ead00000,0x00000000f5680000)
 ParOldGen       total 931840K, used 803537K [0x00000000a0000000, 0x00000000d8e00000, 0x00000000e0000000)
  object space 931840K, 86% used [0x00000000a0000000,0x00000000d10b45f8,0x00000000d8e00000)
 Metaspace       used 119740K, capacity 131744K, committed 138368K, reserved 1171456K
  class space    used 14752K, capacity 16312K, committed 17280K, reserved 1048576K
Event: 15580.555 GC heap after
Heap after GC invocations=380 (full 38):
 PSYoungGen      total 350720K, used 25181K [0x00000000e0000000, 0x0000000100000000, 0x0000000100000000)
  eden space 177152K, 0% used [0x00000000e0000000,0x00000000e0000000,0x00000000ead00000)
  from space 173568K, 14% used [0x00000000ead00000,0x00000000ec597758,0x00000000f5680000)
  to   space 167424K, 0% used [0x00000000f5c80000,0x00000000f5c80000,0x0000000100000000)
 ParOldGen       total 931840K, used 895201K [0x00000000a0000000, 0x00000000d8e00000, 0x00000000e0000000)
  object space 931840K, 96% used [0x00000000a0000000,0x00000000d6a385c0,0x00000000d8e00000)
 Metaspace       used 119740K, capacity 131744K, committed 138368K, reserved 1171456K
  class space    used 14752K, capacity 16312K, committed 17280K, reserved 1048576K
}
Event: 15580.556 GC heap before
{Heap before GC invocations=381 (full 39):
 PSYoungGen      total 350720K, used 25181K [0x00000000e0000000, 0x0000000100000000, 0x0000000100000000)
  eden space 177152K, 0% used [0x00000000e0000000,0x00000000e0000000,0x00000000ead00000)
  from space 173568K, 14% used [0x00000000ead00000,0x00000000ec597758,0x00000000f5680000)
  to   space 167424K, 0% used [0x00000000f5c80000,0x00000000f5c80000,0x0000000100000000)
 ParOldGen       total 931840K, used 895201K [0x00000000a0000000, 0x00000000d8e00000, 0x00000000e0000000)
  object space 931840K, 96% used [0x00000000a0000000,0x00000000d6a385c0,0x00000000d8e00000)
 Metaspace       used 119740K, capacity 131744K, committed 138368K, reserved 1171456K
  class space    used 14752K, capacity 16312K, committed 17280K, reserved 1048576K

