# JRE version: OpenJDK Runtime Environment (8.0_112-b06) (build 1.8.0_112-release-b06)
# Java VM: OpenJDK 64-Bit Server VM (25.112-b06 mixed mode linux-amd64 compressed oops)
Heap:
 PSYoungGen      total 318976K, used 81831K [0x00000000e0000000, 0x0000000100000000, 0x0000000100000000)
  eden space 189440K, 0% used [0x00000000e0000000,0x00000000e0000000,0x00000000eb900000)
  from space 129536K, 63% used [0x00000000f8180000,0x00000000fd169fb8,0x0000000100000000)
  to   space 167424K, 0% used [0x00000000eb900000,0x00000000eb900000,0x00000000f5c80000)
 ParOldGen       total 1048576K, used 1011001K [0x00000000a0000000, 0x00000000e0000000, 0x00000000e0000000)
  object space 1048576K, 96% used [0x00000000a0000000,0x00000000ddb4e498,0x00000000e0000000)
 Metaspace       used 102829K, capacity 106334K, committed 106648K, reserved 1142784K
  class space    used 12410K, capacity 13201K, committed 13232K, reserved 1048576K
GC Heap History (10 events):
Event: 154.353 GC heap after
Heap after GC invocations=109 (full 11):
 PSYoungGen      total 397824K, used 0K [0x00000000e0000000, 0x00000000fee80000, 0x0000000100000000)
  eden space 286208K, 0% used [0x00000000e0000000,0x00000000e0000000,0x00000000f1780000)
  from space 111616K, 0% used [0x00000000f8180000,0x00000000f8180000,0x00000000fee80000)
  to   space 108544K, 0% used [0x00000000f1780000,0x00000000f1780000,0x00000000f8180000)
 ParOldGen       total 1048576K, used 818231K [0x00000000a0000000, 0x00000000e0000000, 0x00000000e0000000)
  object space 1048576K, 78% used [0x00000000a0000000,0x00000000d1f0de20,0x00000000e0000000)
 Metaspace       used 102829K, capacity 106334K, committed 106648K, reserved 1142784K
  class space    used 12410K, capacity 13201K, committed 13232K, reserved 1048576K
}
Event: 155.049 GC heap before
{Heap before GC invocations=110 (full 11):
 PSYoungGen      total 397824K, used 286208K [0x00000000e0000000, 0x00000000fee80000, 0x0000000100000000)
  eden space 286208K, 100% used [0x00000000e0000000,0x00000000f1780000,0x00000000f1780000)
  from space 111616K, 0% used [0x00000000f8180000,0x00000000f8180000,0x00000000fee80000)
  to   space 108544K, 0% used [0x00000000f1780000,0x00000000f1780000,0x00000000f8180000)
 ParOldGen       total 1048576K, used 818231K [0x00000000a0000000, 0x00000000e0000000, 0x00000000e0000000)
  object space 1048576K, 78% used [0x00000000a0000000,0x00000000d1f0de20,0x00000000e0000000)
 Metaspace       used 102829K, capacity 106334K, committed 106648K, reserved 1142784K
  class space    used 12410K, capacity 13201K, committed 13232K, reserved 1048576K
Event: 155.146 GC heap after
Heap after GC invocations=110 (full 11):
 PSYoungGen      total 394752K, used 108540K [0x00000000e0000000, 0x0000000100000000, 0x0000000100000000)
  eden space 286208K, 0% used [0x00000000e0000000,0x00000000e0000000,0x00000000f1780000)
  from space 108544K, 99% used [0x00000000f1780000,0x00000000f817f3e0,0x00000000f8180000)
  to   space 129536K, 0% used [0x00000000f8180000,0x00000000f8180000,0x0000000100000000)
 ParOldGen       total 1048576K, used 835996K [0x00000000a0000000, 0x00000000e0000000, 0x00000000e0000000)
  object space 1048576K, 79% used [0x00000000a0000000,0x00000000d3067348,0x00000000e0000000)
 Metaspace       used 102829K, capacity 106334K, committed 106648K, reserved 1142784K
  class space    used 12410K, capacity 13201K, committed 13232K, reserved 1048576K
}
Event: 155.750 GC heap before
{Heap before GC invocations=111 (full 11):
 PSYoungGen      total 394752K, used 394748K [0x00000000e0000000, 0x0000000100000000, 0x0000000100000000)
  eden space 286208K, 100% used [0x00000000e0000000,0x00000000f1780000,0x00000000f1780000)
  from space 108544K, 99% used [0x00000000f1780000,0x00000000f817f3e0,0x00000000f8180000)
  to   space 129536K, 0% used [0x00000000f8180000,0x00000000f8180000,0x0000000100000000)
 ParOldGen       total 1048576K, used 835996K [0x00000000a0000000, 0x00000000e0000000, 0x00000000e0000000)
  object space 1048576K, 79% used [0x00000000a0000000,0x00000000d3067348,0x00000000e0000000)
 Metaspace       used 102829K, capacity 106334K, committed 106648K, reserved 1142784K
  class space    used 12410K, capacity 13201K, committed 13232K, reserved 1048576K
Event: 155.852 GC heap after
Heap after GC invocations=111 (full 11):
 PSYoungGen      total 396288K, used 61923K [0x00000000e0000000, 0x0000000100000000, 0x0000000100000000)
  eden space 266752K, 0% used [0x00000000e0000000,0x00000000e0000000,0x00000000f0480000)
  from space 129536K, 47% used [0x00000000f8180000,0x00000000fbdf8d40,0x0000000100000000)
  to   space 128000K, 0% used [0x00000000f0480000,0x00000000f0480000,0x00000000f8180000)
 ParOldGen       total 1048576K, used 902871K [0x00000000a0000000, 0x00000000e0000000, 0x00000000e0000000)
  object space 1048576K, 86% used [0x00000000a0000000,0x00000000d71b5d28,0x00000000e0000000)
 Metaspace       used 102829K, capacity 106334K, committed 106648K, reserved 1142784K
  class space    used 12410K, capacity 13201K, committed 13232K, reserved 1048576K
}
Event: 156.029 GC heap before
{Heap before GC invocations=112 (full 11):
 PSYoungGen      total 396288K, used 328675K [0x00000000e0000000, 0x0000000100000000, 0x0000000100000000)
  eden space 266752K, 100% used [0x00000000e0000000,0x00000000f0480000,0x00000000f0480000)
  from space 129536K, 47% used [0x00000000f8180000,0x00000000fbdf8d40,0x0000000100000000)
  to   space 128000K, 0% used [0x00000000f0480000,0x00000000f0480000,0x00000000f8180000)
 ParOldGen       total 1048576K, used 902871K [0x00000000a0000000, 0x00000000e0000000, 0x00000000e0000000)
  object space 1048576K, 86% used [0x00000000a0000000,0x00000000d71b5d28,0x00000000e0000000)
 Metaspace       used 102829K, capacity 106334K, committed 106648K, reserved 1142784K
  class space    used 12410K, capacity 13201K, committed 13232K, reserved 1048576K
Event: 156.135 GC heap after
Heap after GC invocations=112 (full 11):
 PSYoungGen      total 394752K, used 127981K [0x00000000e0000000, 0x0000000100000000, 0x0000000100000000)
  eden space 266752K, 0% used [0x00000000e0000000,0x00000000e0000000,0x00000000f0480000)
  from space 128000K, 99% used [0x00000000f0480000,0x00000000f817b4d0,0x00000000f8180000)
  to   space 129536K, 0% used [0x00000000f8180000,0x00000000f8180000,0x0000000100000000)
 ParOldGen       total 1048576K, used 966819K [0x00000000a0000000, 0x00000000e0000000, 0x00000000e0000000)
  object space 1048576K, 92% used [0x00000000a0000000,0x00000000db028e58,0x00000000e0000000)
 Metaspace       used 102829K, capacity 106334K, committed 106648K, reserved 1142784K
  class space    used 12410K, capacity 13201K, committed 13232K, reserved 1048576K
}
Event: 156.543 GC heap before
{Heap before GC invocations=113 (full 11):
 PSYoungGen      total 394752K, used 394733K [0x00000000e0000000, 0x0000000100000000, 0x0000000100000000)
  eden space 266752K, 100% used [0x00000000e0000000,0x00000000f0480000,0x00000000f0480000)
  from space 128000K, 99% used [0x00000000f0480000,0x00000000f817b4d0,0x00000000f8180000)
  to   space 129536K, 0% used [0x00000000f8180000,0x00000000f8180000,0x0000000100000000)
 ParOldGen       total 1048576K, used 966819K [0x00000000a0000000, 0x00000000e0000000, 0x00000000e0000000)
  object space 1048576K, 92% used [0x00000000a0000000,0x00000000db028e58,0x00000000e0000000)
 Metaspace       used 102829K, capacity 106334K, committed 106648K, reserved 1142784K
  class space    used 12410K, capacity 13201K, committed 13232K, reserved 1048576K
Event: 156.665 GC heap after
Heap after GC invocations=113 (full 11):
 PSYoungGen      total 318976K, used 81831K [0x00000000e0000000, 0x0000000100000000, 0x0000000100000000)
  eden space 189440K, 0% used [0x00000000e0000000,0x00000000e0000000,0x00000000eb900000)
  from space 129536K, 63% used [0x00000000f8180000,0x00000000fd169fb8,0x0000000100000000)
  to   space 167424K, 0% used [0x00000000eb900000,0x00000000eb900000,0x00000000f5c80000)
 ParOldGen       total 1048576K, used 1011001K [0x00000000a0000000, 0x00000000e0000000, 0x00000000e0000000)
  object space 1048576K, 96% used [0x00000000a0000000,0x00000000ddb4e498,0x00000000e0000000)
 Metaspace       used 102829K, capacity 106334K, committed 106648K, reserved 1142784K
  class space    used 12410K, capacity 13201K, committed 13232K, reserved 1048576K
}
Event: 156.665 GC heap before
{Heap before GC invocations=114 (full 12):
 PSYoungGen      total 318976K, used 81831K [0x00000000e0000000, 0x0000000100000000, 0x0000000100000000)
  eden space 189440K, 0% used [0x00000000e0000000,0x00000000e0000000,0x00000000eb900000)
  from space 129536K, 63% used [0x00000000f8180000,0x00000000fd169fb8,0x0000000100000000)
  to   space 167424K, 0% used [0x00000000eb900000,0x00000000eb900000,0x00000000f5c80000)
 ParOldGen       total 1048576K, used 1011001K [0x00000000a0000000, 0x00000000e0000000, 0x00000000e0000000)
  object space 1048576K, 96% used [0x00000000a0000000,0x00000000ddb4e498,0x00000000e0000000)
 Metaspace       used 102829K, capacity 106334K, committed 106648K, reserved 1142784K
  class space    used 12410K, capacity 13201K, committed 13232K, reserved 1048576K

