# JRE version: OpenJDK Runtime Environment (8.0_112-b06) (build 1.8.0_112-release-b06)
# Java VM: OpenJDK 64-Bit Server VM (25.112-b06 mixed mode linux-amd64 compressed oops)
Heap:
 PSYoungGen      total 401408K, used 39723K [0x00000000e0000000, 0x0000000100000000, 0x0000000100000000)
  eden space 278528K, 0% used [0x00000000e0000000,0x00000000e0000000,0x00000000f1000000)
  from space 122880K, 32% used [0x00000000f1000000,0x00000000f36caf90,0x00000000f8800000)
  to   space 116736K, 0% used [0x00000000f8e00000,0x00000000f8e00000,0x0000000100000000)
 ParOldGen       total 549376K, used 493581K [0x00000000a0000000, 0x00000000c1880000, 0x00000000e0000000)
  object space 549376K, 89% used [0x00000000a0000000,0x00000000be203450,0x00000000c1880000)
 Metaspace       used 96244K, capacity 99102K, committed 99480K, reserved 1136640K
  class space    used 11874K, capacity 12619K, committed 12720K, reserved 1048576K
GC Heap History (10 events):
Event: 66.304 GC heap after
Heap after GC invocations=27 (full 6):
 PSYoungGen      total 435200K, used 12415K [0x00000000e0000000, 0x00000000fff80000, 0x0000000100000000)
  eden space 346112K, 0% used [0x00000000e0000000,0x00000000e0000000,0x00000000f5200000)
  from space 89088K, 13% used [0x00000000f5200000,0x00000000f5e1ff18,0x00000000fa900000)
  to   space 88576K, 0% used [0x00000000fa900000,0x00000000fa900000,0x00000000fff80000)
 ParOldGen       total 549376K, used 351836K [0x00000000a0000000, 0x00000000c1880000, 0x00000000e0000000)
  object space 549376K, 64% used [0x00000000a0000000,0x00000000b5797190,0x00000000c1880000)
 Metaspace       used 96222K, capacity 99038K, committed 99224K, reserved 1136640K
  class space    used 11873K, capacity 12619K, committed 12720K, reserved 1048576K
}
Event: 66.917 GC heap before
{Heap before GC invocations=28 (full 6):
 PSYoungGen      total 435200K, used 358527K [0x00000000e0000000, 0x00000000fff80000, 0x0000000100000000)
  eden space 346112K, 100% used [0x00000000e0000000,0x00000000f5200000,0x00000000f5200000)
  from space 89088K, 13% used [0x00000000f5200000,0x00000000f5e1ff18,0x00000000fa900000)
  to   space 88576K, 0% used [0x00000000fa900000,0x00000000fa900000,0x00000000fff80000)
 ParOldGen       total 549376K, used 351836K [0x00000000a0000000, 0x00000000c1880000, 0x00000000e0000000)
  object space 549376K, 64% used [0x00000000a0000000,0x00000000b5797190,0x00000000c1880000)
 Metaspace       used 96229K, capacity 99038K, committed 99224K, reserved 1136640K
  class space    used 11873K, capacity 12619K, committed 12720K, reserved 1048576K
Event: 67.043 GC heap after
Heap after GC invocations=28 (full 6):
 PSYoungGen      total 423936K, used 33664K [0x00000000e0000000, 0x00000000ff480000, 0x0000000100000000)
  eden space 346624K, 0% used [0x00000000e0000000,0x00000000e0000000,0x00000000f5280000)
  from space 77312K, 43% used [0x00000000fa900000,0x00000000fc9e0178,0x00000000ff480000)
  to   space 82944K, 0% used [0x00000000f5280000,0x00000000f5280000,0x00000000fa380000)
 ParOldGen       total 549376K, used 363032K [0x00000000a0000000, 0x00000000c1880000, 0x00000000e0000000)
  object space 549376K, 66% used [0x00000000a0000000,0x00000000b62861b0,0x00000000c1880000)
 Metaspace       used 96229K, capacity 99038K, committed 99224K, reserved 1136640K
  class space    used 11873K, capacity 12619K, committed 12720K, reserved 1048576K
}
Event: 67.780 GC heap before
{Heap before GC invocations=29 (full 6):
 PSYoungGen      total 423936K, used 380288K [0x00000000e0000000, 0x00000000ff480000, 0x0000000100000000)
  eden space 346624K, 100% used [0x00000000e0000000,0x00000000f5280000,0x00000000f5280000)
  from space 77312K, 43% used [0x00000000fa900000,0x00000000fc9e0178,0x00000000ff480000)
  to   space 82944K, 0% used [0x00000000f5280000,0x00000000f5280000,0x00000000fa380000)
 ParOldGen       total 549376K, used 363032K [0x00000000a0000000, 0x00000000c1880000, 0x00000000e0000000)
  object space 549376K, 66% used [0x00000000a0000000,0x00000000b62861b0,0x00000000c1880000)
 Metaspace       used 96238K, capacity 99038K, committed 99224K, reserved 1136640K
  class space    used 11873K, capacity 12619K, committed 12720K, reserved 1048576K
Event: 67.893 GC heap after
Heap after GC invocations=29 (full 6):
 PSYoungGen      total 429568K, used 77803K [0x00000000e0000000, 0x0000000100000000, 0x0000000100000000)
  eden space 346624K, 0% used [0x00000000e0000000,0x00000000e0000000,0x00000000f5280000)
  from space 82944K, 93% used [0x00000000f5280000,0x00000000f9e7aea0,0x00000000fa380000)
  to   space 94208K, 0% used [0x00000000fa400000,0x00000000fa400000,0x0000000100000000)
 ParOldGen       total 549376K, used 363032K [0x00000000a0000000, 0x00000000c1880000, 0x00000000e0000000)
  object space 549376K, 66% used [0x00000000a0000000,0x00000000b62861b0,0x00000000c1880000)
 Metaspace       used 96238K, capacity 99038K, committed 99224K, reserved 1136640K
  class space    used 11873K, capacity 12619K, committed 12720K, reserved 1048576K
}
Event: 68.781 GC heap before
{Heap before GC invocations=30 (full 6):
 PSYoungGen      total 429568K, used 424427K [0x00000000e0000000, 0x0000000100000000, 0x0000000100000000)
  eden space 346624K, 100% used [0x00000000e0000000,0x00000000f5280000,0x00000000f5280000)
  from space 82944K, 93% used [0x00000000f5280000,0x00000000f9e7aea0,0x00000000fa380000)
  to   space 94208K, 0% used [0x00000000fa400000,0x00000000fa400000,0x0000000100000000)
 ParOldGen       total 549376K, used 363032K [0x00000000a0000000, 0x00000000c1880000, 0x00000000e0000000)
  object space 549376K, 66% used [0x00000000a0000000,0x00000000b62861b0,0x00000000c1880000)
 Metaspace       used 96243K, capacity 99102K, committed 99480K, reserved 1136640K
  class space    used 11874K, capacity 12619K, committed 12720K, reserved 1048576K
Event: 68.937 GC heap after
Heap after GC invocations=30 (full 6):
 PSYoungGen      total 372736K, used 94188K [0x00000000e0000000, 0x0000000100000000, 0x0000000100000000)
  eden space 278528K, 0% used [0x00000000e0000000,0x00000000e0000000,0x00000000f1000000)
  from space 94208K, 99% used [0x00000000fa400000,0x00000000ffffb270,0x0000000100000000)
  to   space 122880K, 0% used [0x00000000f1000000,0x00000000f1000000,0x00000000f8800000)
 ParOldGen       total 549376K, used 399007K [0x00000000a0000000, 0x00000000c1880000, 0x00000000e0000000)
  object space 549376K, 72% used [0x00000000a0000000,0x00000000b85a7e88,0x00000000c1880000)
 Metaspace       used 96243K, capacity 99102K, committed 99480K, reserved 1136640K
  class space    used 11874K, capacity 12619K, committed 12720K, reserved 1048576K
}
Event: 69.582 GC heap before
{Heap before GC invocations=31 (full 6):
 PSYoungGen      total 372736K, used 372716K [0x00000000e0000000, 0x0000000100000000, 0x0000000100000000)
  eden space 278528K, 100% used [0x00000000e0000000,0x00000000f1000000,0x00000000f1000000)
  from space 94208K, 99% used [0x00000000fa400000,0x00000000ffffb270,0x0000000100000000)
  to   space 122880K, 0% used [0x00000000f1000000,0x00000000f1000000,0x00000000f8800000)
 ParOldGen       total 549376K, used 399007K [0x00000000a0000000, 0x00000000c1880000, 0x00000000e0000000)
  object space 549376K, 72% used [0x00000000a0000000,0x00000000b85a7e88,0x00000000c1880000)
 Metaspace       used 96244K, capacity 99102K, committed 99480K, reserved 1136640K
  class space    used 11874K, capacity 12619K, committed 12720K, reserved 1048576K
Event: 69.719 GC heap after
Heap after GC invocations=31 (full 6):
 PSYoungGen      total 401408K, used 39723K [0x00000000e0000000, 0x0000000100000000, 0x0000000100000000)
  eden space 278528K, 0% used [0x00000000e0000000,0x00000000e0000000,0x00000000f1000000)
  from space 122880K, 32% used [0x00000000f1000000,0x00000000f36caf90,0x00000000f8800000)
  to   space 116736K, 0% used [0x00000000f8e00000,0x00000000f8e00000,0x0000000100000000)
 ParOldGen       total 549376K, used 493581K [0x00000000a0000000, 0x00000000c1880000, 0x00000000e0000000)
  object space 549376K, 89% used [0x00000000a0000000,0x00000000be203450,0x00000000c1880000)
 Metaspace       used 96244K, capacity 99102K, committed 99480K, reserved 1136640K
  class space    used 11874K, capacity 12619K, committed 12720K, reserved 1048576K
}
Event: 69.719 GC heap before
{Heap before GC invocations=32 (full 7):
 PSYoungGen      total 401408K, used 39723K [0x00000000e0000000, 0x0000000100000000, 0x0000000100000000)
  eden space 278528K, 0% used [0x00000000e0000000,0x00000000e0000000,0x00000000f1000000)
  from space 122880K, 32% used [0x00000000f1000000,0x00000000f36caf90,0x00000000f8800000)
  to   space 116736K, 0% used [0x00000000f8e00000,0x00000000f8e00000,0x0000000100000000)
 ParOldGen       total 549376K, used 493581K [0x00000000a0000000, 0x00000000c1880000, 0x00000000e0000000)
  object space 549376K, 89% used [0x00000000a0000000,0x00000000be203450,0x00000000c1880000)
 Metaspace       used 96244K, capacity 99102K, committed 99480K, reserved 1136640K
  class space    used 11874K, capacity 12619K, committed 12720K, reserved 1048576K

