# JRE version: OpenJDK Runtime Environment (8.0_112-b06) (build 1.8.0_112-release-b06)
# Java VM: OpenJDK 64-Bit Server VM (25.112-b06 mixed mode linux-amd64 compressed oops)
Heap:
 PSYoungGen      total 349696K, used 148729K [0x00000000e0000000, 0x0000000100000000, 0x0000000100000000)
  eden space 175104K, 0% used [0x00000000e0000000,0x00000000e0000000,0x00000000eab00000)
  from space 174592K, 85% used [0x00000000f5580000,0x00000000fe6be6d8,0x0000000100000000)
  to   space 174592K, 0% used [0x00000000eab00000,0x00000000eab00000,0x00000000f5580000)
 ParOldGen       total 1048576K, used 998586K [0x00000000a0000000, 0x00000000e0000000, 0x00000000e0000000)
  object space 1048576K, 95% used [0x00000000a0000000,0x00000000dcf2eb50,0x00000000e0000000)
 Metaspace       used 113415K, capacity 122064K, committed 126512K, reserved 1161216K
  class space    used 13399K, capacity 14710K, committed 15408K, reserved 1048576K
GC Heap History (10 events):
Event: 16405.038 GC heap after
Heap after GC invocations=1824 (full 309):
 PSYoungGen      total 335360K, used 94735K [0x00000000e0000000, 0x00000000ff080000, 0x0000000100000000)
  eden space 185856K, 0% used [0x00000000e0000000,0x00000000e0000000,0x00000000eb580000)
  from space 149504K, 63% used [0x00000000f4e80000,0x00000000fab03f80,0x00000000fe080000)
  to   space 156672K, 0% used [0x00000000eb580000,0x00000000eb580000,0x00000000f4e80000)
 ParOldGen       total 1048576K, used 955536K [0x00000000a0000000, 0x00000000e0000000, 0x00000000e0000000)
  object space 1048576K, 91% used [0x00000000a0000000,0x00000000da5242c8,0x00000000e0000000)
 Metaspace       used 113415K, capacity 122064K, committed 126512K, reserved 1161216K
  class space    used 13399K, capacity 14710K, committed 15408K, reserved 1048576K
}
Event: 16405.241 GC heap before
{Heap before GC invocations=1825 (full 309):
 PSYoungGen      total 335360K, used 280591K [0x00000000e0000000, 0x00000000ff080000, 0x0000000100000000)
  eden space 185856K, 100% used [0x00000000e0000000,0x00000000eb580000,0x00000000eb580000)
  from space 149504K, 63% used [0x00000000f4e80000,0x00000000fab03f80,0x00000000fe080000)
  to   space 156672K, 0% used [0x00000000eb580000,0x00000000eb580000,0x00000000f4e80000)
 ParOldGen       total 1048576K, used 955536K [0x00000000a0000000, 0x00000000e0000000, 0x00000000e0000000)
  object space 1048576K, 91% used [0x00000000a0000000,0x00000000da5242c8,0x00000000e0000000)
 Metaspace       used 113415K, capacity 122064K, committed 126512K, reserved 1161216K
  class space    used 13399K, capacity 14710K, committed 15408K, reserved 1048576K
Event: 16405.356 GC heap after
Heap after GC invocations=1825 (full 309):
 PSYoungGen      total 342528K, used 116998K [0x00000000e0000000, 0x0000000100000000, 0x0000000100000000)
  eden space 185856K, 0% used [0x00000000e0000000,0x00000000e0000000,0x00000000eb580000)
  from space 156672K, 74% used [0x00000000eb580000,0x00000000f27c1bd0,0x00000000f4e80000)
  to   space 170496K, 0% used [0x00000000f5980000,0x00000000f5980000,0x0000000100000000)
 ParOldGen       total 1048576K, used 955536K [0x00000000a0000000, 0x00000000e0000000, 0x00000000e0000000)
  object space 1048576K, 91% used [0x00000000a0000000,0x00000000da5242c8,0x00000000e0000000)
 Metaspace       used 113415K, capacity 122064K, committed 126512K, reserved 1161216K
  class space    used 13399K, capacity 14710K, committed 15408K, reserved 1048576K
}
Event: 16405.508 GC heap before
{Heap before GC invocations=1826 (full 309):
 PSYoungGen      total 342528K, used 302854K [0x00000000e0000000, 0x0000000100000000, 0x0000000100000000)
  eden space 185856K, 100% used [0x00000000e0000000,0x00000000eb580000,0x00000000eb580000)
  from space 156672K, 74% used [0x00000000eb580000,0x00000000f27c1bd0,0x00000000f4e80000)
  to   space 170496K, 0% used [0x00000000f5980000,0x00000000f5980000,0x0000000100000000)
 ParOldGen       total 1048576K, used 955536K [0x00000000a0000000, 0x00000000e0000000, 0x00000000e0000000)
  object space 1048576K, 91% used [0x00000000a0000000,0x00000000da5242c8,0x00000000e0000000)
 Metaspace       used 113415K, capacity 122064K, committed 126512K, reserved 1161216K
  class space    used 13399K, capacity 14710K, committed 15408K, reserved 1048576K
Event: 16405.717 GC heap after
Heap after GC invocations=1826 (full 309):
 PSYoungGen      total 345600K, used 145344K [0x00000000e0000000, 0x0000000100000000, 0x0000000100000000)
  eden space 175104K, 0% used [0x00000000e0000000,0x00000000e0000000,0x00000000eab00000)
  from space 170496K, 85% used [0x00000000f5980000,0x00000000fe7701a0,0x0000000100000000)
  to   space 174592K, 0% used [0x00000000eab00000,0x00000000eab00000,0x00000000f5580000)
 ParOldGen       total 1048576K, used 955536K [0x00000000a0000000, 0x00000000e0000000, 0x00000000e0000000)
  object space 1048576K, 91% used [0x00000000a0000000,0x00000000da5242c8,0x00000000e0000000)
 Metaspace       used 113415K, capacity 122064K, committed 126512K, reserved 1161216K
  class space    used 13399K, capacity 14710K, committed 15408K, reserved 1048576K
}
Event: 16405.872 GC heap before
{Heap before GC invocations=1827 (full 309):
 PSYoungGen      total 345600K, used 320448K [0x00000000e0000000, 0x0000000100000000, 0x0000000100000000)
  eden space 175104K, 100% used [0x00000000e0000000,0x00000000eab00000,0x00000000eab00000)
  from space 170496K, 85% used [0x00000000f5980000,0x00000000fe7701a0,0x0000000100000000)
  to   space 174592K, 0% used [0x00000000eab00000,0x00000000eab00000,0x00000000f5580000)
 ParOldGen       total 1048576K, used 955536K [0x00000000a0000000, 0x00000000e0000000, 0x00000000e0000000)
  object space 1048576K, 91% used [0x00000000a0000000,0x00000000da5242c8,0x00000000e0000000)
 Metaspace       used 113415K, capacity 122064K, committed 126512K, reserved 1161216K
  class space    used 13399K, capacity 14710K, committed 15408K, reserved 1048576K
Event: 16406.034 GC heap after
Heap after GC invocations=1827 (full 309):
 PSYoungGen      total 349696K, used 152511K [0x00000000e0000000, 0x0000000100000000, 0x0000000100000000)
  eden space 175104K, 0% used [0x00000000e0000000,0x00000000e0000000,0x00000000eab00000)
  from space 174592K, 87% used [0x00000000eab00000,0x00000000f3fefe88,0x00000000f5580000)
  to   space 174592K, 0% used [0x00000000f5580000,0x00000000f5580000,0x0000000100000000)
 ParOldGen       total 1048576K, used 969664K [0x00000000a0000000, 0x00000000e0000000, 0x00000000e0000000)
  object space 1048576K, 92% used [0x00000000a0000000,0x00000000db2f02c8,0x00000000e0000000)
 Metaspace       used 113415K, capacity 122064K, committed 126512K, reserved 1161216K
  class space    used 13399K, capacity 14710K, committed 15408K, reserved 1048576K
}
Event: 16406.189 GC heap before
{Heap before GC invocations=1828 (full 309):
 PSYoungGen      total 349696K, used 327615K [0x00000000e0000000, 0x0000000100000000, 0x0000000100000000)
  eden space 175104K, 100% used [0x00000000e0000000,0x00000000eab00000,0x00000000eab00000)
  from space 174592K, 87% used [0x00000000eab00000,0x00000000f3fefe88,0x00000000f5580000)
  to   space 174592K, 0% used [0x00000000f5580000,0x00000000f5580000,0x0000000100000000)
 ParOldGen       total 1048576K, used 969664K [0x00000000a0000000, 0x00000000e0000000, 0x00000000e0000000)
  object space 1048576K, 92% used [0x00000000a0000000,0x00000000db2f02c8,0x00000000e0000000)
 Metaspace       used 113415K, capacity 122064K, committed 126512K, reserved 1161216K
  class space    used 13399K, capacity 14710K, committed 15408K, reserved 1048576K
Event: 16406.345 GC heap after
Heap after GC invocations=1828 (full 309):
 PSYoungGen      total 349696K, used 148729K [0x00000000e0000000, 0x0000000100000000, 0x0000000100000000)
  eden space 175104K, 0% used [0x00000000e0000000,0x00000000e0000000,0x00000000eab00000)
  from space 174592K, 85% used [0x00000000f5580000,0x00000000fe6be6d8,0x0000000100000000)
  to   space 174592K, 0% used [0x00000000eab00000,0x00000000eab00000,0x00000000f5580000)
 ParOldGen       total 1048576K, used 998586K [0x00000000a0000000, 0x00000000e0000000, 0x00000000e0000000)
  object space 1048576K, 95% used [0x00000000a0000000,0x00000000dcf2eb50,0x00000000e0000000)
 Metaspace       used 113415K, capacity 122064K, committed 126512K, reserved 1161216K
  class space    used 13399K, capacity 14710K, committed 15408K, reserved 1048576K
}
Event: 16406.345 GC heap before
{Heap before GC invocations=1829 (full 310):
 PSYoungGen      total 349696K, used 148729K [0x00000000e0000000, 0x0000000100000000, 0x0000000100000000)
  eden space 175104K, 0% used [0x00000000e0000000,0x00000000e0000000,0x00000000eab00000)
  from space 174592K, 85% used [0x00000000f5580000,0x00000000fe6be6d8,0x0000000100000000)
  to   space 174592K, 0% used [0x00000000eab00000,0x00000000eab00000,0x00000000f5580000)
 ParOldGen       total 1048576K, used 998586K [0x00000000a0000000, 0x00000000e0000000, 0x00000000e0000000)
  object space 1048576K, 95% used [0x00000000a0000000,0x00000000dcf2eb50,0x00000000e0000000)
 Metaspace       used 113415K, capacity 122064K, committed 126512K, reserved 1161216K
  class space    used 13399K, capacity 14710K, committed 15408K, reserved 1048576K

