# JRE version: OpenJDK Runtime Environment (8.0_112-b06) (build 1.8.0_112-release-b06)
# Java VM: OpenJDK 64-Bit Server VM (25.112-b06 mixed mode linux-amd64 compressed oops)
Heap:
 PSYoungGen      total 385536K, used 37710K [0x00000000e0000000, 0x00000000ff380000, 0x0000000100000000)
  eden space 263680K, 0% used [0x00000000e0000000,0x00000000e0000000,0x00000000f0180000)
  from space 121856K, 30% used [0x00000000f0180000,0x00000000f26539e8,0x00000000f7880000)
  to   space 116224K, 0% used [0x00000000f8200000,0x00000000f8200000,0x00000000ff380000)
 ParOldGen       total 1048576K, used 996832K [0x00000000a0000000, 0x00000000e0000000, 0x00000000e0000000)
  object space 1048576K, 95% used [0x00000000a0000000,0x00000000dcd782c8,0x00000000e0000000)
 Metaspace       used 122261K, capacity 128338K, committed 162480K, reserved 1191936K
  class space    used 14535K, capacity 15630K, committed 20144K, reserved 1048576K
GC Heap History (10 events):
Event: 9067.165 GC heap after
Heap after GC invocations=187 (full 14):
 PSYoungGen      total 367104K, used 29947K [0x00000000e0000000, 0x00000000ff500000, 0x0000000100000000)
  eden space 225280K, 0% used [0x00000000e0000000,0x00000000e0000000,0x00000000edc00000)
  from space 141824K, 21% used [0x00000000edc00000,0x00000000ef93ef38,0x00000000f6680000)
  to   space 137728K, 0% used [0x00000000f6e80000,0x00000000f6e80000,0x00000000ff500000)
 ParOldGen       total 1048576K, used 865491K [0x00000000a0000000, 0x00000000e0000000, 0x00000000e0000000)
  object space 1048576K, 82% used [0x00000000a0000000,0x00000000d4d34fc0,0x00000000e0000000)
 Metaspace       used 122260K, capacity 128338K, committed 162480K, reserved 1191936K
  class space    used 14535K, capacity 15630K, committed 20144K, reserved 1048576K
}
Event: 9067.366 GC heap before
{Heap before GC invocations=188 (full 14):
 PSYoungGen      total 367104K, used 255227K [0x00000000e0000000, 0x00000000ff500000, 0x0000000100000000)
  eden space 225280K, 100% used [0x00000000e0000000,0x00000000edc00000,0x00000000edc00000)
  from space 141824K, 21% used [0x00000000edc00000,0x00000000ef93ef38,0x00000000f6680000)
  to   space 137728K, 0% used [0x00000000f6e80000,0x00000000f6e80000,0x00000000ff500000)
 ParOldGen       total 1048576K, used 865491K [0x00000000a0000000, 0x00000000e0000000, 0x00000000e0000000)
  object space 1048576K, 82% used [0x00000000a0000000,0x00000000d4d34fc0,0x00000000e0000000)
 Metaspace       used 122260K, capacity 128338K, committed 162480K, reserved 1191936K
  class space    used 14535K, capacity 15630K, committed 20144K, reserved 1048576K
Event: 9067.455 GC heap after
Heap after GC invocations=188 (full 14):
 PSYoungGen      total 376832K, used 36396K [0x00000000e0000000, 0x00000000ff100000, 0x0000000100000000)
  eden space 243200K, 0% used [0x00000000e0000000,0x00000000e0000000,0x00000000eed80000)
  from space 133632K, 27% used [0x00000000f6e80000,0x00000000f920b3d8,0x00000000ff100000)
  to   space 132096K, 0% used [0x00000000eed80000,0x00000000eed80000,0x00000000f6e80000)
 ParOldGen       total 1048576K, used 894497K [0x00000000a0000000, 0x00000000e0000000, 0x00000000e0000000)
  object space 1048576K, 85% used [0x00000000a0000000,0x00000000d69884a0,0x00000000e0000000)
 Metaspace       used 122260K, capacity 128338K, committed 162480K, reserved 1191936K
  class space    used 14535K, capacity 15630K, committed 20144K, reserved 1048576K
}
Event: 9067.657 GC heap before
{Heap before GC invocations=189 (full 14):
 PSYoungGen      total 376832K, used 279596K [0x00000000e0000000, 0x00000000ff100000, 0x0000000100000000)
  eden space 243200K, 100% used [0x00000000e0000000,0x00000000eed80000,0x00000000eed80000)
  from space 133632K, 27% used [0x00000000f6e80000,0x00000000f920b3d8,0x00000000ff100000)
  to   space 132096K, 0% used [0x00000000eed80000,0x00000000eed80000,0x00000000f6e80000)
 ParOldGen       total 1048576K, used 894497K [0x00000000a0000000, 0x00000000e0000000, 0x00000000e0000000)
  object space 1048576K, 85% used [0x00000000a0000000,0x00000000d69884a0,0x00000000e0000000)
 Metaspace       used 122260K, capacity 128338K, committed 162480K, reserved 1191936K
  class space    used 14535K, capacity 15630K, committed 20144K, reserved 1048576K
Event: 9067.720 GC heap after
Heap after GC invocations=189 (full 14):
 PSYoungGen      total 375296K, used 34910K [0x00000000e0000000, 0x00000000ff480000, 0x0000000100000000)
  eden space 243200K, 0% used [0x00000000e0000000,0x00000000e0000000,0x00000000eed80000)
  from space 132096K, 26% used [0x00000000eed80000,0x00000000f0f97b28,0x00000000f6e80000)
  to   space 126976K, 0% used [0x00000000f7880000,0x00000000f7880000,0x00000000ff480000)
 ParOldGen       total 1048576K, used 928534K [0x00000000a0000000, 0x00000000e0000000, 0x00000000e0000000)
  object space 1048576K, 88% used [0x00000000a0000000,0x00000000d8ac58f0,0x00000000e0000000)
 Metaspace       used 122260K, capacity 128338K, committed 162480K, reserved 1191936K
  class space    used 14535K, capacity 15630K, committed 20144K, reserved 1048576K
}
Event: 9068.002 GC heap before
{Heap before GC invocations=190 (full 14):
 PSYoungGen      total 375296K, used 278110K [0x00000000e0000000, 0x00000000ff480000, 0x0000000100000000)
  eden space 243200K, 100% used [0x00000000e0000000,0x00000000eed80000,0x00000000eed80000)
  from space 132096K, 26% used [0x00000000eed80000,0x00000000f0f97b28,0x00000000f6e80000)
  to   space 126976K, 0% used [0x00000000f7880000,0x00000000f7880000,0x00000000ff480000)
 ParOldGen       total 1048576K, used 928534K [0x00000000a0000000, 0x00000000e0000000, 0x00000000e0000000)
  object space 1048576K, 88% used [0x00000000a0000000,0x00000000d8ac58f0,0x00000000e0000000)
 Metaspace       used 122260K, capacity 128338K, committed 162480K, reserved 1191936K
  class space    used 14535K, capacity 15630K, committed 20144K, reserved 1048576K
Event: 9068.075 GC heap after
Heap after GC invocations=190 (full 14):
 PSYoungGen      total 387072K, used 36395K [0x00000000e0000000, 0x00000000ff100000, 0x0000000100000000)
  eden space 263680K, 0% used [0x00000000e0000000,0x00000000e0000000,0x00000000f0180000)
  from space 123392K, 29% used [0x00000000f7880000,0x00000000f9c0aca8,0x00000000ff100000)
  to   space 121856K, 0% used [0x00000000f0180000,0x00000000f0180000,0x00000000f7880000)
 ParOldGen       total 1048576K, used 961925K [0x00000000a0000000, 0x00000000e0000000, 0x00000000e0000000)
  object space 1048576K, 91% used [0x00000000a0000000,0x00000000dab616d0,0x00000000e0000000)
 Metaspace       used 122260K, capacity 128338K, committed 162480K, reserved 1191936K
  class space    used 14535K, capacity 15630K, committed 20144K, reserved 1048576K
}
Event: 9068.901 GC heap before
{Heap before GC invocations=191 (full 14):
 PSYoungGen      total 387072K, used 300075K [0x00000000e0000000, 0x00000000ff100000, 0x0000000100000000)
  eden space 263680K, 100% used [0x00000000e0000000,0x00000000f0180000,0x00000000f0180000)
  from space 123392K, 29% used [0x00000000f7880000,0x00000000f9c0aca8,0x00000000ff100000)
  to   space 121856K, 0% used [0x00000000f0180000,0x00000000f0180000,0x00000000f7880000)
 ParOldGen       total 1048576K, used 961925K [0x00000000a0000000, 0x00000000e0000000, 0x00000000e0000000)
  object space 1048576K, 91% used [0x00000000a0000000,0x00000000dab616d0,0x00000000e0000000)
 Metaspace       used 122261K, capacity 128338K, committed 162480K, reserved 1191936K
  class space    used 14535K, capacity 15630K, committed 20144K, reserved 1048576K
Event: 9069.038 GC heap after
Heap after GC invocations=191 (full 14):
 PSYoungGen      total 385536K, used 37710K [0x00000000e0000000, 0x00000000ff380000, 0x0000000100000000)
  eden space 263680K, 0% used [0x00000000e0000000,0x00000000e0000000,0x00000000f0180000)
  from space 121856K, 30% used [0x00000000f0180000,0x00000000f26539e8,0x00000000f7880000)
  to   space 116224K, 0% used [0x00000000f8200000,0x00000000f8200000,0x00000000ff380000)
 ParOldGen       total 1048576K, used 996832K [0x00000000a0000000, 0x00000000e0000000, 0x00000000e0000000)
  object space 1048576K, 95% used [0x00000000a0000000,0x00000000dcd782c8,0x00000000e0000000)
 Metaspace       used 122261K, capacity 128338K, committed 162480K, reserved 1191936K
  class space    used 14535K, capacity 15630K, committed 20144K, reserved 1048576K
}
Event: 9069.038 GC heap before
{Heap before GC invocations=192 (full 15):
 PSYoungGen      total 385536K, used 37710K [0x00000000e0000000, 0x00000000ff380000, 0x0000000100000000)
  eden space 263680K, 0% used [0x00000000e0000000,0x00000000e0000000,0x00000000f0180000)
  from space 121856K, 30% used [0x00000000f0180000,0x00000000f26539e8,0x00000000f7880000)
  to   space 116224K, 0% used [0x00000000f8200000,0x00000000f8200000,0x00000000ff380000)
 ParOldGen       total 1048576K, used 996832K [0x00000000a0000000, 0x00000000e0000000, 0x00000000e0000000)
  object space 1048576K, 95% used [0x00000000a0000000,0x00000000dcd782c8,0x00000000e0000000)
 Metaspace       used 122261K, capacity 128338K, committed 162480K, reserved 1191936K
  class space    used 14535K, capacity 15630K, committed 20144K, reserved 1048576K

