# JRE version: OpenJDK Runtime Environment (8.0_76-b03) (build 1.8.0_76-release-b03)
# Java VM: OpenJDK 64-Bit Server VM (25.76-b03 mixed mode linux-amd64 compressed oops)
Heap:
 PSYoungGen      total 343040K, used 23646K [0x00000000e0000000, 0x0000000100000000, 0x0000000100000000)
  eden space 168448K, 0% used [0x00000000e0000000,0x00000000e0000000,0x00000000ea480000)
  from space 174592K, 13% used [0x00000000ea480000,0x00000000ebb97b30,0x00000000f4f00000)
  to   space 174592K, 0% used [0x00000000f5580000,0x00000000f5580000,0x0000000100000000)
 ParOldGen       total 994304K, used 931787K [0x00000000a0000000, 0x00000000dcb00000, 0x00000000e0000000)
  object space 994304K, 93% used [0x00000000a0000000,0x00000000d8df2df8,0x00000000dcb00000)
 Metaspace       used 111234K, capacity 118790K, committed 123520K, reserved 1157120K
  class space    used 13166K, capacity 14461K, committed 15232K, reserved 1048576K
GC Heap History (10 events):
Event: 7795.661 GC heap after
Heap after GC invocations=1214 (full 220):
 PSYoungGen      total 349696K, used 28077K [0x00000000e0000000, 0x0000000100000000, 0x0000000100000000)
  eden space 175104K, 0% used [0x00000000e0000000,0x00000000e0000000,0x00000000eab00000)
  from space 174592K, 16% used [0x00000000eab00000,0x00000000ec66b408,0x00000000f5580000)
  to   space 174592K, 0% used [0x00000000f5580000,0x00000000f5580000,0x0000000100000000)
 ParOldGen       total 994304K, used 711924K [0x00000000a0000000, 0x00000000dcb00000, 0x00000000e0000000)
  object space 994304K, 71% used [0x00000000a0000000,0x00000000cb73d390,0x00000000dcb00000)
 Metaspace       used 111234K, capacity 118790K, committed 123520K, reserved 1157120K
  class space    used 13166K, capacity 14461K, committed 15232K, reserved 1048576K
}
Event: 7795.805 GC heap before
{Heap before GC invocations=1215 (full 220):
 PSYoungGen      total 349696K, used 203181K [0x00000000e0000000, 0x0000000100000000, 0x0000000100000000)
  eden space 175104K, 100% used [0x00000000e0000000,0x00000000eab00000,0x00000000eab00000)
  from space 174592K, 16% used [0x00000000eab00000,0x00000000ec66b408,0x00000000f5580000)
  to   space 174592K, 0% used [0x00000000f5580000,0x00000000f5580000,0x0000000100000000)
 ParOldGen       total 994304K, used 711924K [0x00000000a0000000, 0x00000000dcb00000, 0x00000000e0000000)
  object space 994304K, 71% used [0x00000000a0000000,0x00000000cb73d390,0x00000000dcb00000)
 Metaspace       used 111234K, capacity 118790K, committed 123520K, reserved 1157120K
  class space    used 13166K, capacity 14461K, committed 15232K, reserved 1048576K
Event: 7795.855 GC heap after
Heap after GC invocations=1215 (full 220):
 PSYoungGen      total 349696K, used 26710K [0x00000000e0000000, 0x0000000100000000, 0x0000000100000000)
  eden space 175104K, 0% used [0x00000000e0000000,0x00000000e0000000,0x00000000eab00000)
  from space 174592K, 15% used [0x00000000f5580000,0x00000000f6f95aa0,0x0000000100000000)
  to   space 174592K, 0% used [0x00000000eab00000,0x00000000eab00000,0x00000000f5580000)
 ParOldGen       total 994304K, used 738659K [0x00000000a0000000, 0x00000000dcb00000, 0x00000000e0000000)
  object space 994304K, 74% used [0x00000000a0000000,0x00000000cd158cd8,0x00000000dcb00000)
 Metaspace       used 111234K, capacity 118790K, committed 123520K, reserved 1157120K
  class space    used 13166K, capacity 14461K, committed 15232K, reserved 1048576K
}
Event: 7796.279 GC heap before
{Heap before GC invocations=1216 (full 220):
 PSYoungGen      total 349696K, used 201814K [0x00000000e0000000, 0x0000000100000000, 0x0000000100000000)
  eden space 175104K, 100% used [0x00000000e0000000,0x00000000eab00000,0x00000000eab00000)
  from space 174592K, 15% used [0x00000000f5580000,0x00000000f6f95aa0,0x0000000100000000)
  to   space 174592K, 0% used [0x00000000eab00000,0x00000000eab00000,0x00000000f5580000)
 ParOldGen       total 994304K, used 738659K [0x00000000a0000000, 0x00000000dcb00000, 0x00000000e0000000)
  object space 994304K, 74% used [0x00000000a0000000,0x00000000cd158cd8,0x00000000dcb00000)
 Metaspace       used 111234K, capacity 118790K, committed 123520K, reserved 1157120K
  class space    used 13166K, capacity 14461K, committed 15232K, reserved 1048576K
Event: 7796.342 GC heap after
Heap after GC invocations=1216 (full 220):
 PSYoungGen      total 236544K, used 61302K [0x00000000e0000000, 0x00000000ff300000, 0x0000000100000000)
  eden space 175104K, 0% used [0x00000000e0000000,0x00000000e0000000,0x00000000eab00000)
  from space 61440K, 99% used [0x00000000eab00000,0x00000000ee6dd898,0x00000000ee700000)
  to   space 167936K, 0% used [0x00000000f4f00000,0x00000000f4f00000,0x00000000ff300000)
 ParOldGen       total 994304K, used 764183K [0x00000000a0000000, 0x00000000dcb00000, 0x00000000e0000000)
  object space 994304K, 76% used [0x00000000a0000000,0x00000000cea45f08,0x00000000dcb00000)
 Metaspace       used 111234K, capacity 118790K, committed 123520K, reserved 1157120K
  class space    used 13166K, capacity 14461K, committed 15232K, reserved 1048576K
}
Event: 7796.469 GC heap before
{Heap before GC invocations=1217 (full 220):
 PSYoungGen      total 236544K, used 236406K [0x00000000e0000000, 0x00000000ff300000, 0x0000000100000000)
  eden space 175104K, 100% used [0x00000000e0000000,0x00000000eab00000,0x00000000eab00000)
  from space 61440K, 99% used [0x00000000eab00000,0x00000000ee6dd898,0x00000000ee700000)
  to   space 167936K, 0% used [0x00000000f4f00000,0x00000000f4f00000,0x00000000ff300000)
 ParOldGen       total 994304K, used 764183K [0x00000000a0000000, 0x00000000dcb00000, 0x00000000e0000000)
  object space 994304K, 76% used [0x00000000a0000000,0x00000000cea45f08,0x00000000dcb00000)
 Metaspace       used 111234K, capacity 118790K, committed 123520K, reserved 1157120K
  class space    used 13166K, capacity 14461K, committed 15232K, reserved 1048576K
Event: 7796.550 GC heap after
Heap after GC invocations=1217 (full 220):
 PSYoungGen      total 336384K, used 163382K [0x00000000e0000000, 0x0000000100000000, 0x0000000100000000)
  eden space 168448K, 0% used [0x00000000e0000000,0x00000000e0000000,0x00000000ea480000)
  from space 167936K, 97% used [0x00000000f4f00000,0x00000000fee8d800,0x00000000ff300000)
  to   space 174592K, 0% used [0x00000000ea480000,0x00000000ea480000,0x00000000f4f00000)
 ParOldGen       total 994304K, used 764183K [0x00000000a0000000, 0x00000000dcb00000, 0x00000000e0000000)
  object space 994304K, 76% used [0x00000000a0000000,0x00000000cea45f08,0x00000000dcb00000)
 Metaspace       used 111234K, capacity 118790K, committed 123520K, reserved 1157120K
  class space    used 13166K, capacity 14461K, committed 15232K, reserved 1048576K
}
Event: 7796.774 GC heap before
{Heap before GC invocations=1218 (full 220):
 PSYoungGen      total 336384K, used 331830K [0x00000000e0000000, 0x0000000100000000, 0x0000000100000000)
  eden space 168448K, 100% used [0x00000000e0000000,0x00000000ea480000,0x00000000ea480000)
  from space 167936K, 97% used [0x00000000f4f00000,0x00000000fee8d800,0x00000000ff300000)
  to   space 174592K, 0% used [0x00000000ea480000,0x00000000ea480000,0x00000000f4f00000)
 ParOldGen       total 994304K, used 764183K [0x00000000a0000000, 0x00000000dcb00000, 0x00000000e0000000)
  object space 994304K, 76% used [0x00000000a0000000,0x00000000cea45f08,0x00000000dcb00000)
 Metaspace       used 111234K, capacity 118790K, committed 123520K, reserved 1157120K
  class space    used 13166K, capacity 14461K, committed 15232K, reserved 1048576K
Event: 7796.873 GC heap after
Heap after GC invocations=1218 (full 220):
 PSYoungGen      total 343040K, used 23646K [0x00000000e0000000, 0x0000000100000000, 0x0000000100000000)
  eden space 168448K, 0% used [0x00000000e0000000,0x00000000e0000000,0x00000000ea480000)
  from space 174592K, 13% used [0x00000000ea480000,0x00000000ebb97b30,0x00000000f4f00000)
  to   space 174592K, 0% used [0x00000000f5580000,0x00000000f5580000,0x0000000100000000)
 ParOldGen       total 994304K, used 931787K [0x00000000a0000000, 0x00000000dcb00000, 0x00000000e0000000)
  object space 994304K, 93% used [0x00000000a0000000,0x00000000d8df2df8,0x00000000dcb00000)
 Metaspace       used 111234K, capacity 118790K, committed 123520K, reserved 1157120K
  class space    used 13166K, capacity 14461K, committed 15232K, reserved 1048576K
}
Event: 7796.873 GC heap before
{Heap before GC invocations=1219 (full 221):
 PSYoungGen      total 343040K, used 23646K [0x00000000e0000000, 0x0000000100000000, 0x0000000100000000)
  eden space 168448K, 0% used [0x00000000e0000000,0x00000000e0000000,0x00000000ea480000)
  from space 174592K, 13% used [0x00000000ea480000,0x00000000ebb97b30,0x00000000f4f00000)
  to   space 174592K, 0% used [0x00000000f5580000,0x00000000f5580000,0x0000000100000000)
 ParOldGen       total 994304K, used 931787K [0x00000000a0000000, 0x00000000dcb00000, 0x00000000e0000000)
  object space 994304K, 93% used [0x00000000a0000000,0x00000000d8df2df8,0x00000000dcb00000)
 Metaspace       used 111234K, capacity 118790K, committed 123520K, reserved 1157120K
  class space    used 13166K, capacity 14461K, committed 15232K, reserved 1048576K

