# JRE version: OpenJDK Runtime Environment (8.0_76-b03) (build 1.8.0_76-release-b03)
# Java VM: OpenJDK 64-Bit Server VM (25.76-b03 mixed mode linux-amd64 compressed oops)
Heap:
 PSYoungGen      total 394240K, used 24646K [0x00000000e0000000, 0x0000000100000000, 0x0000000100000000)
  eden space 264192K, 0% used [0x00000000e0000000,0x00000000e0000000,0x00000000f0200000)
  from space 130048K, 18% used [0x00000000f0200000,0x00000000f1a11a20,0x00000000f8100000)
  to   space 125952K, 0% used [0x00000000f8500000,0x00000000f8500000,0x0000000100000000)
 ParOldGen       total 531968K, used 531242K [0x00000000a0000000, 0x00000000c0780000, 0x00000000e0000000)
  object space 531968K, 99% used [0x00000000a0000000,0x00000000c06ca848,0x00000000c0780000)
 Metaspace       used 99028K, capacity 104140K, committed 104320K, reserved 1140736K
  class space    used 12372K, capacity 13325K, committed 13440K, reserved 1048576K
GC Heap History (10 events):
Event: 660.721 GC heap after
Heap after GC invocations=26 (full 6):
 PSYoungGen      total 355840K, used 64935K [0x00000000e0000000, 0x0000000100000000, 0x0000000100000000)
  eden space 290816K, 0% used [0x00000000e0000000,0x00000000e0000000,0x00000000f1c00000)
  from space 65024K, 99% used [0x00000000f1c00000,0x00000000f5b69ee0,0x00000000f5b80000)
  to   space 117760K, 0% used [0x00000000f8d00000,0x00000000f8d00000,0x0000000100000000)
 ParOldGen       total 490496K, used 353592K [0x00000000a0000000, 0x00000000bdf00000, 0x00000000e0000000)
  object space 490496K, 72% used [0x00000000a0000000,0x00000000b594e3d0,0x00000000bdf00000)
 Metaspace       used 95109K, capacity 100026K, committed 100224K, reserved 1136640K
  class space    used 11920K, capacity 12858K, committed 12928K, reserved 1048576K
}
Event: 900.738 GC heap before
{Heap before GC invocations=27 (full 6):
 PSYoungGen      total 355840K, used 355751K [0x00000000e0000000, 0x0000000100000000, 0x0000000100000000)
  eden space 290816K, 100% used [0x00000000e0000000,0x00000000f1c00000,0x00000000f1c00000)
  from space 65024K, 99% used [0x00000000f1c00000,0x00000000f5b69ee0,0x00000000f5b80000)
  to   space 117760K, 0% used [0x00000000f8d00000,0x00000000f8d00000,0x0000000100000000)
 ParOldGen       total 490496K, used 353592K [0x00000000a0000000, 0x00000000bdf00000, 0x00000000e0000000)
  object space 490496K, 72% used [0x00000000a0000000,0x00000000b594e3d0,0x00000000bdf00000)
 Metaspace       used 95214K, capacity 100184K, committed 100480K, reserved 1136640K
  class space    used 11930K, capacity 12867K, committed 12928K, reserved 1048576K
Event: 900.923 GC heap after
Heap after GC invocations=27 (full 6):
 PSYoungGen      total 409600K, used 19829K [0x00000000e0000000, 0x0000000100000000, 0x0000000100000000)
  eden space 291840K, 0% used [0x00000000e0000000,0x00000000e0000000,0x00000000f1d00000)
  from space 117760K, 16% used [0x00000000f8d00000,0x00000000fa05d740,0x0000000100000000)
  to   space 114688K, 0% used [0x00000000f1d00000,0x00000000f1d00000,0x00000000f8d00000)
 ParOldGen       total 490496K, used 397117K [0x00000000a0000000, 0x00000000bdf00000, 0x00000000e0000000)
  object space 490496K, 80% used [0x00000000a0000000,0x00000000b83cf5e8,0x00000000bdf00000)
 Metaspace       used 95214K, capacity 100184K, committed 100480K, reserved 1136640K
  class space    used 11930K, capacity 12867K, committed 12928K, reserved 1048576K
}
Event: 905.581 GC heap before
{Heap before GC invocations=28 (full 6):
 PSYoungGen      total 409600K, used 311669K [0x00000000e0000000, 0x0000000100000000, 0x0000000100000000)
  eden space 291840K, 100% used [0x00000000e0000000,0x00000000f1d00000,0x00000000f1d00000)
  from space 117760K, 16% used [0x00000000f8d00000,0x00000000fa05d740,0x0000000100000000)
  to   space 114688K, 0% used [0x00000000f1d00000,0x00000000f1d00000,0x00000000f8d00000)
 ParOldGen       total 490496K, used 397117K [0x00000000a0000000, 0x00000000bdf00000, 0x00000000e0000000)
  object space 490496K, 80% used [0x00000000a0000000,0x00000000b83cf5e8,0x00000000bdf00000)
 Metaspace       used 96077K, capacity 101110K, committed 101376K, reserved 1138688K
  class space    used 12000K, capacity 12952K, committed 13056K, reserved 1048576K
Event: 905.702 GC heap after
Heap after GC invocations=28 (full 6):
 PSYoungGen      total 330752K, used 38478K [0x00000000e0000000, 0x00000000ff000000, 0x0000000100000000)
  eden space 291840K, 0% used [0x00000000e0000000,0x00000000e0000000,0x00000000f1d00000)
  from space 38912K, 98% used [0x00000000f1d00000,0x00000000f4293870,0x00000000f4300000)
  to   space 108032K, 0% used [0x00000000f8680000,0x00000000f8680000,0x00000000ff000000)
 ParOldGen       total 490496K, used 414691K [0x00000000a0000000, 0x00000000bdf00000, 0x00000000e0000000)
  object space 490496K, 84% used [0x00000000a0000000,0x00000000b94f8cd0,0x00000000bdf00000)
 Metaspace       used 96077K, capacity 101110K, committed 101376K, reserved 1138688K
  class space    used 12000K, capacity 12952K, committed 13056K, reserved 1048576K
}
Event: 909.284 GC heap before
{Heap before GC invocations=29 (full 6):
 PSYoungGen      total 330752K, used 330318K [0x00000000e0000000, 0x00000000ff000000, 0x0000000100000000)
  eden space 291840K, 100% used [0x00000000e0000000,0x00000000f1d00000,0x00000000f1d00000)
  from space 38912K, 98% used [0x00000000f1d00000,0x00000000f4293870,0x00000000f4300000)
  to   space 108032K, 0% used [0x00000000f8680000,0x00000000f8680000,0x00000000ff000000)
 ParOldGen       total 490496K, used 414691K [0x00000000a0000000, 0x00000000bdf00000, 0x00000000e0000000)
  object space 490496K, 84% used [0x00000000a0000000,0x00000000b94f8cd0,0x00000000bdf00000)
 Metaspace       used 98954K, capacity 104010K, committed 104320K, reserved 1140736K
  class space    used 12366K, capacity 13314K, committed 13440K, reserved 1048576K
Event: 909.414 GC heap after
Heap after GC invocations=29 (full 6):
 PSYoungGen      total 372224K, used 108003K [0x00000000e0000000, 0x0000000100000000, 0x0000000100000000)
  eden space 264192K, 0% used [0x00000000e0000000,0x00000000e0000000,0x00000000f0200000)
  from space 108032K, 99% used [0x00000000f8680000,0x00000000feff8f88,0x00000000ff000000)
  to   space 130048K, 0% used [0x00000000f0200000,0x00000000f0200000,0x00000000f8100000)
 ParOldGen       total 490496K, used 425832K [0x00000000a0000000, 0x00000000bdf00000, 0x00000000e0000000)
  object space 490496K, 86% used [0x00000000a0000000,0x00000000b9fda368,0x00000000bdf00000)
 Metaspace       used 98954K, capacity 104010K, committed 104320K, reserved 1140736K
  class space    used 12366K, capacity 13314K, committed 13440K, reserved 1048576K
}
Event: 910.646 GC heap before
{Heap before GC invocations=30 (full 6):
 PSYoungGen      total 372224K, used 372195K [0x00000000e0000000, 0x0000000100000000, 0x0000000100000000)
  eden space 264192K, 100% used [0x00000000e0000000,0x00000000f0200000,0x00000000f0200000)
  from space 108032K, 99% used [0x00000000f8680000,0x00000000feff8f88,0x00000000ff000000)
  to   space 130048K, 0% used [0x00000000f0200000,0x00000000f0200000,0x00000000f8100000)
 ParOldGen       total 490496K, used 425832K [0x00000000a0000000, 0x00000000bdf00000, 0x00000000e0000000)
  object space 490496K, 86% used [0x00000000a0000000,0x00000000b9fda368,0x00000000bdf00000)
 Metaspace       used 99028K, capacity 104140K, committed 104320K, reserved 1140736K
  class space    used 12372K, capacity 13325K, committed 13440K, reserved 1048576K
Event: 910.886 GC heap after
Heap after GC invocations=30 (full 6):
 PSYoungGen      total 394240K, used 24646K [0x00000000e0000000, 0x0000000100000000, 0x0000000100000000)
  eden space 264192K, 0% used [0x00000000e0000000,0x00000000e0000000,0x00000000f0200000)
  from space 130048K, 18% used [0x00000000f0200000,0x00000000f1a11a20,0x00000000f8100000)
  to   space 125952K, 0% used [0x00000000f8500000,0x00000000f8500000,0x0000000100000000)
 ParOldGen       total 531968K, used 531242K [0x00000000a0000000, 0x00000000c0780000, 0x00000000e0000000)
  object space 531968K, 99% used [0x00000000a0000000,0x00000000c06ca848,0x00000000c0780000)
 Metaspace       used 99028K, capacity 104140K, committed 104320K, reserved 1140736K
  class space    used 12372K, capacity 13325K, committed 13440K, reserved 1048576K
}
Event: 910.886 GC heap before
{Heap before GC invocations=31 (full 7):
 PSYoungGen      total 394240K, used 24646K [0x00000000e0000000, 0x0000000100000000, 0x0000000100000000)
  eden space 264192K, 0% used [0x00000000e0000000,0x00000000e0000000,0x00000000f0200000)
  from space 130048K, 18% used [0x00000000f0200000,0x00000000f1a11a20,0x00000000f8100000)
  to   space 125952K, 0% used [0x00000000f8500000,0x00000000f8500000,0x0000000100000000)
 ParOldGen       total 531968K, used 531242K [0x00000000a0000000, 0x00000000c0780000, 0x00000000e0000000)
  object space 531968K, 99% used [0x00000000a0000000,0x00000000c06ca848,0x00000000c0780000)
 Metaspace       used 99028K, capacity 104140K, committed 104320K, reserved 1140736K
  class space    used 12372K, capacity 13325K, committed 13440K, reserved 1048576K

