# JRE version: OpenJDK Runtime Environment (8.0_76-b03) (build 1.8.0_76-release-b03)
# Java VM: OpenJDK 64-Bit Server VM (25.76-b03 mixed mode linux-amd64 compressed oops)
Heap:
 PSYoungGen      total 349696K, used 139356K [0x00000000e0000000, 0x0000000100000000, 0x0000000100000000)
  eden space 175104K, 79% used [0x00000000e0000000,0x00000000e8817240,0x00000000eab00000)
  from space 174592K, 0% used [0x00000000f5580000,0x00000000f5580000,0x0000000100000000)
  to   space 174592K, 0% used [0x00000000eab00000,0x00000000eab00000,0x00000000f5580000)
 ParOldGen       total 1048576K, used 1048152K [0x00000000a0000000, 0x00000000e0000000, 0x00000000e0000000)
  object space 1048576K, 99% used [0x00000000a0000000,0x00000000dff96048,0x00000000e0000000)
 Metaspace       used 113149K, capacity 122360K, committed 126208K, reserved 1161216K
  class space    used 13428K, capacity 14803K, committed 15360K, reserved 1048576K
GC Heap History (10 events):
Event: 9674.771 GC heap before
{Heap before GC invocations=1369 (full 205):
 PSYoungGen      total 349696K, used 175104K [0x00000000e0000000, 0x0000000100000000, 0x0000000100000000)
  eden space 175104K, 100% used [0x00000000e0000000,0x00000000eab00000,0x00000000eab00000)
  from space 174592K, 0% used [0x00000000f5580000,0x00000000f5580000,0x0000000100000000)
  to   space 174592K, 0% used [0x00000000eab00000,0x00000000eab00000,0x00000000f5580000)
 ParOldGen       total 1048576K, used 1048403K [0x00000000a0000000, 0x00000000e0000000, 0x00000000e0000000)
  object space 1048576K, 99% used [0x00000000a0000000,0x00000000dffd4d30,0x00000000e0000000)
 Metaspace       used 116679K, capacity 126014K, committed 126208K, reserved 1161216K
  class space    used 13865K, capacity 15280K, committed 15360K, reserved 1048576K
Event: 9677.674 GC heap after
Heap after GC invocations=1369 (full 205):
 PSYoungGen      total 349696K, used 64334K [0x00000000e0000000, 0x0000000100000000, 0x0000000100000000)
  eden space 175104K, 36% used [0x00000000e0000000,0x00000000e3ed3bf0,0x00000000eab00000)
  from space 174592K, 0% used [0x00000000f5580000,0x00000000f5580000,0x0000000100000000)
  to   space 174592K, 0% used [0x00000000eab00000,0x00000000eab00000,0x00000000f5580000)
 ParOldGen       total 1048576K, used 1048400K [0x00000000a0000000, 0x00000000e0000000, 0x00000000e0000000)
  object space 1048576K, 99% used [0x00000000a0000000,0x00000000dffd4258,0x00000000e0000000)
 Metaspace       used 116679K, capacity 126014K, committed 126208K, reserved 1161216K
  class space    used 13865K, capacity 15280K, committed 15360K, reserved 1048576K
}
Event: 9677.770 GC heap before
{Heap before GC invocations=1370 (full 206):
 PSYoungGen      total 349696K, used 175104K [0x00000000e0000000, 0x0000000100000000, 0x0000000100000000)
  eden space 175104K, 100% used [0x00000000e0000000,0x00000000eab00000,0x00000000eab00000)
  from space 174592K, 0% used [0x00000000f5580000,0x00000000f5580000,0x0000000100000000)
  to   space 174592K, 0% used [0x00000000eab00000,0x00000000eab00000,0x00000000f5580000)
 ParOldGen       total 1048576K, used 1048400K [0x00000000a0000000, 0x00000000e0000000, 0x00000000e0000000)
  object space 1048576K, 99% used [0x00000000a0000000,0x00000000dffd4258,0x00000000e0000000)
 Metaspace       used 116679K, capacity 126014K, committed 126208K, reserved 1161216K
  class space    used 13865K, capacity 15280K, committed 15360K, reserved 1048576K
Event: 9680.726 GC heap after
Heap after GC invocations=1370 (full 206):
 PSYoungGen      total 349696K, used 77128K [0x00000000e0000000, 0x0000000100000000, 0x0000000100000000)
  eden space 175104K, 44% used [0x00000000e0000000,0x00000000e4b523a8,0x00000000eab00000)
  from space 174592K, 0% used [0x00000000f5580000,0x00000000f5580000,0x0000000100000000)
  to   space 174592K, 0% used [0x00000000eab00000,0x00000000eab00000,0x00000000f5580000)
 ParOldGen       total 1048576K, used 1048381K [0x00000000a0000000, 0x00000000e0000000, 0x00000000e0000000)
  object space 1048576K, 99% used [0x00000000a0000000,0x00000000dffcf590,0x00000000e0000000)
 Metaspace       used 116641K, capacity 125954K, committed 126208K, reserved 1161216K
  class space    used 13860K, capacity 15270K, committed 15360K, reserved 1048576K
}
Event: 9680.815 GC heap before
{Heap before GC invocations=1371 (full 207):
 PSYoungGen      total 349696K, used 175104K [0x00000000e0000000, 0x0000000100000000, 0x0000000100000000)
  eden space 175104K, 100% used [0x00000000e0000000,0x00000000eab00000,0x00000000eab00000)
  from space 174592K, 0% used [0x00000000f5580000,0x00000000f5580000,0x0000000100000000)
  to   space 174592K, 0% used [0x00000000eab00000,0x00000000eab00000,0x00000000f5580000)
 ParOldGen       total 1048576K, used 1048381K [0x00000000a0000000, 0x00000000e0000000, 0x00000000e0000000)
  object space 1048576K, 99% used [0x00000000a0000000,0x00000000dffcf590,0x00000000e0000000)
 Metaspace       used 116641K, capacity 125954K, committed 126208K, reserved 1161216K
  class space    used 13860K, capacity 15270K, committed 15360K, reserved 1048576K
Event: 9682.580 GC heap after
Heap after GC invocations=1371 (full 207):
 PSYoungGen      total 349696K, used 0K [0x00000000e0000000, 0x0000000100000000, 0x0000000100000000)
  eden space 175104K, 0% used [0x00000000e0000000,0x00000000e0000000,0x00000000eab00000)
  from space 174592K, 0% used [0x00000000f5580000,0x00000000f5580000,0x0000000100000000)
  to   space 174592K, 0% used [0x00000000eab00000,0x00000000eab00000,0x00000000f5580000)
 ParOldGen       total 1048576K, used 1031963K [0x00000000a0000000, 0x00000000e0000000, 0x00000000e0000000)
  object space 1048576K, 98% used [0x00000000a0000000,0x00000000defc6f48,0x00000000e0000000)
 Metaspace       used 113149K, capacity 122360K, committed 126208K, reserved 1161216K
  class space    used 13428K, capacity 14803K, committed 15360K, reserved 1048576K
}
Event: 9682.732 GC heap before
{Heap before GC invocations=1372 (full 208):
 PSYoungGen      total 349696K, used 175104K [0x00000000e0000000, 0x0000000100000000, 0x0000000100000000)
  eden space 175104K, 100% used [0x00000000e0000000,0x00000000eab00000,0x00000000eab00000)
  from space 174592K, 0% used [0x00000000f5580000,0x00000000f5580000,0x0000000100000000)
  to   space 174592K, 0% used [0x00000000eab00000,0x00000000eab00000,0x00000000f5580000)
 ParOldGen       total 1048576K, used 1031963K [0x00000000a0000000, 0x00000000e0000000, 0x00000000e0000000)
  object space 1048576K, 98% used [0x00000000a0000000,0x00000000defc6f48,0x00000000e0000000)
 Metaspace       used 113149K, capacity 122360K, committed 126208K, reserved 1161216K
  class space    used 13428K, capacity 14803K, committed 15360K, reserved 1048576K
Event: 9685.852 GC heap after
Heap after GC invocations=1372 (full 208):
 PSYoungGen      total 349696K, used 8551K [0x00000000e0000000, 0x0000000100000000, 0x0000000100000000)
  eden space 175104K, 4% used [0x00000000e0000000,0x00000000e0859d18,0x00000000eab00000)
  from space 174592K, 0% used [0x00000000f5580000,0x00000000f5580000,0x0000000100000000)
  to   space 174592K, 0% used [0x00000000eab00000,0x00000000eab00000,0x00000000f5580000)
 ParOldGen       total 1048576K, used 1048574K [0x00000000a0000000, 0x00000000e0000000, 0x00000000e0000000)
  object space 1048576K, 99% used [0x00000000a0000000,0x00000000dffffb90,0x00000000e0000000)
 Metaspace       used 113149K, capacity 122360K, committed 126208K, reserved 1161216K
  class space    used 13428K, capacity 14803K, committed 15360K, reserved 1048576K
}
Event: 9686.011 GC heap before
{Heap before GC invocations=1373 (full 209):
 PSYoungGen      total 349696K, used 175104K [0x00000000e0000000, 0x0000000100000000, 0x0000000100000000)
  eden space 175104K, 100% used [0x00000000e0000000,0x00000000eab00000,0x00000000eab00000)
  from space 174592K, 0% used [0x00000000f5580000,0x00000000f5580000,0x0000000100000000)
  to   space 174592K, 0% used [0x00000000eab00000,0x00000000eab00000,0x00000000f5580000)
 ParOldGen       total 1048576K, used 1048574K [0x00000000a0000000, 0x00000000e0000000, 0x00000000e0000000)
  object space 1048576K, 99% used [0x00000000a0000000,0x00000000dffffb90,0x00000000e0000000)
 Metaspace       used 113149K, capacity 122360K, committed 126208K, reserved 1161216K
  class space    used 13428K, capacity 14803K, committed 15360K, reserved 1048576K
Event: 9689.256 GC heap after
Heap after GC invocations=1373 (full 209):
 PSYoungGen      total 349696K, used 32416K [0x00000000e0000000, 0x0000000100000000, 0x0000000100000000)
  eden space 175104K, 18% used [0x00000000e0000000,0x00000000e1fa8190,0x00000000eab00000)
  from space 174592K, 0% used [0x00000000f5580000,0x00000000f5580000,0x0000000100000000)
  to   space 174592K, 0% used [0x00000000eab00000,0x00000000eab00000,0x00000000f5580000)
 ParOldGen       total 1048576K, used 1048152K [0x00000000a0000000, 0x00000000e0000000, 0x00000000e0000000)
  object space 1048576K, 99% used [0x00000000a0000000,0x00000000dff96048,0x00000000e0000000)
 Metaspace       used 113149K, capacity 122360K, committed 126208K, reserved 1161216K
  class space    used 13428K, capacity 14803K, committed 15360K, reserved 1048576K
}

