# JRE version: OpenJDK Runtime Environment (8.0_112-b06) (build 1.8.0_112-release-b06)
# Java VM: OpenJDK 64-Bit Server VM (25.112-b06 mixed mode linux-amd64 compressed oops)
Heap:
 PSYoungGen      total 349696K, used 175104K [0x00000000e0000000, 0x0000000100000000, 0x0000000100000000)
  eden space 175104K, 100% used [0x00000000e0000000,0x00000000eab00000,0x00000000eab00000)
  from space 174592K, 0% used [0x00000000eab00000,0x00000000eab00000,0x00000000f5580000)
  to   space 174592K, 0% used [0x00000000f5580000,0x00000000f5580000,0x0000000100000000)
 ParOldGen       total 1048576K, used 973177K [0x00000000a0000000, 0x00000000e0000000, 0x00000000e0000000)
  object space 1048576K, 92% used [0x00000000a0000000,0x00000000db65e6a8,0x00000000e0000000)
 Metaspace       used 107364K, capacity 112134K, committed 115608K, reserved 1150976K
  class space    used 12779K, capacity 13744K, committed 14256K, reserved 1048576K
GC Heap History (10 events):
Event: 1916.664 GC heap after
Heap after GC invocations=375 (full 53):
 PSYoungGen      total 349696K, used 53844K [0x00000000e0000000, 0x0000000100000000, 0x0000000100000000)
  eden space 175104K, 0% used [0x00000000e0000000,0x00000000e0000000,0x00000000eab00000)
  from space 174592K, 30% used [0x00000000eab00000,0x00000000edf951d8,0x00000000f5580000)
  to   space 174592K, 0% used [0x00000000f5580000,0x00000000f5580000,0x0000000100000000)
 ParOldGen       total 1048576K, used 871117K [0x00000000a0000000, 0x00000000e0000000, 0x00000000e0000000)
  object space 1048576K, 83% used [0x00000000a0000000,0x00000000d52b3768,0x00000000e0000000)
 Metaspace       used 107364K, capacity 112134K, committed 115608K, reserved 1150976K
  class space    used 12779K, capacity 13744K, committed 14256K, reserved 1048576K
}
Event: 1917.024 GC heap before
{Heap before GC invocations=376 (full 53):
 PSYoungGen      total 349696K, used 228948K [0x00000000e0000000, 0x0000000100000000, 0x0000000100000000)
  eden space 175104K, 100% used [0x00000000e0000000,0x00000000eab00000,0x00000000eab00000)
  from space 174592K, 30% used [0x00000000eab00000,0x00000000edf951d8,0x00000000f5580000)
  to   space 174592K, 0% used [0x00000000f5580000,0x00000000f5580000,0x0000000100000000)
 ParOldGen       total 1048576K, used 871117K [0x00000000a0000000, 0x00000000e0000000, 0x00000000e0000000)
  object space 1048576K, 83% used [0x00000000a0000000,0x00000000d52b3768,0x00000000e0000000)
 Metaspace       used 107364K, capacity 112134K, committed 115608K, reserved 1150976K
  class space    used 12779K, capacity 13744K, committed 14256K, reserved 1048576K
Event: 1917.144 GC heap after
Heap after GC invocations=376 (full 53):
 PSYoungGen      total 349696K, used 67867K [0x00000000e0000000, 0x0000000100000000, 0x0000000100000000)
  eden space 175104K, 0% used [0x00000000e0000000,0x00000000e0000000,0x00000000eab00000)
  from space 174592K, 38% used [0x00000000f5580000,0x00000000f97c6fe8,0x0000000100000000)
  to   space 174592K, 0% used [0x00000000eab00000,0x00000000eab00000,0x00000000f5580000)
 ParOldGen       total 1048576K, used 921616K [0x00000000a0000000, 0x00000000e0000000, 0x00000000e0000000)
  object space 1048576K, 87% used [0x00000000a0000000,0x00000000d8404138,0x00000000e0000000)
 Metaspace       used 107364K, capacity 112134K, committed 115608K, reserved 1150976K
  class space    used 12779K, capacity 13744K, committed 14256K, reserved 1048576K
}
Event: 1917.504 GC heap before
{Heap before GC invocations=377 (full 53):
 PSYoungGen      total 349696K, used 242971K [0x00000000e0000000, 0x0000000100000000, 0x0000000100000000)
  eden space 175104K, 100% used [0x00000000e0000000,0x00000000eab00000,0x00000000eab00000)
  from space 174592K, 38% used [0x00000000f5580000,0x00000000f97c6fe8,0x0000000100000000)
  to   space 174592K, 0% used [0x00000000eab00000,0x00000000eab00000,0x00000000f5580000)
 ParOldGen       total 1048576K, used 921616K [0x00000000a0000000, 0x00000000e0000000, 0x00000000e0000000)
  object space 1048576K, 87% used [0x00000000a0000000,0x00000000d8404138,0x00000000e0000000)
 Metaspace       used 107364K, capacity 112134K, committed 115608K, reserved 1150976K
  class space    used 12779K, capacity 13744K, committed 14256K, reserved 1048576K
Event: 1917.660 GC heap after
Heap after GC invocations=377 (full 53):
 PSYoungGen      total 349696K, used 67237K [0x00000000e0000000, 0x0000000100000000, 0x0000000100000000)
  eden space 175104K, 0% used [0x00000000e0000000,0x00000000e0000000,0x00000000eab00000)
  from space 174592K, 38% used [0x00000000eab00000,0x00000000eeca95b8,0x00000000f5580000)
  to   space 174592K, 0% used [0x00000000f5580000,0x00000000f5580000,0x0000000100000000)
 ParOldGen       total 1048576K, used 987572K [0x00000000a0000000, 0x00000000e0000000, 0x00000000e0000000)
  object space 1048576K, 94% used [0x00000000a0000000,0x00000000dc46d370,0x00000000e0000000)
 Metaspace       used 107364K, capacity 112134K, committed 115608K, reserved 1150976K
  class space    used 12779K, capacity 13744K, committed 14256K, reserved 1048576K
}
Event: 1917.660 GC heap before
{Heap before GC invocations=378 (full 54):
 PSYoungGen      total 349696K, used 67237K [0x00000000e0000000, 0x0000000100000000, 0x0000000100000000)
  eden space 175104K, 0% used [0x00000000e0000000,0x00000000e0000000,0x00000000eab00000)
  from space 174592K, 38% used [0x00000000eab00000,0x00000000eeca95b8,0x00000000f5580000)
  to   space 174592K, 0% used [0x00000000f5580000,0x00000000f5580000,0x0000000100000000)
 ParOldGen       total 1048576K, used 987572K [0x00000000a0000000, 0x00000000e0000000, 0x00000000e0000000)
  object space 1048576K, 94% used [0x00000000a0000000,0x00000000dc46d370,0x00000000e0000000)
 Metaspace       used 107364K, capacity 112134K, committed 115608K, reserved 1150976K
  class space    used 12779K, capacity 13744K, committed 14256K, reserved 1048576K
Event: 1919.174 GC heap after
Heap after GC invocations=378 (full 54):
 PSYoungGen      total 349696K, used 0K [0x00000000e0000000, 0x0000000100000000, 0x0000000100000000)
  eden space 175104K, 0% used [0x00000000e0000000,0x00000000e0000000,0x00000000eab00000)
  from space 174592K, 0% used [0x00000000eab00000,0x00000000eab00000,0x00000000f5580000)
  to   space 174592K, 0% used [0x00000000f5580000,0x00000000f5580000,0x0000000100000000)
 ParOldGen       total 1048576K, used 959054K [0x00000000a0000000, 0x00000000e0000000, 0x00000000e0000000)
  object space 1048576K, 91% used [0x00000000a0000000,0x00000000da8939b0,0x00000000e0000000)
 Metaspace       used 107364K, capacity 112134K, committed 115608K, reserved 1150976K
  class space    used 12779K, capacity 13744K, committed 14256K, reserved 1048576K
}
Event: 1919.514 GC heap before
{Heap before GC invocations=379 (full 55):
 PSYoungGen      total 349696K, used 175104K [0x00000000e0000000, 0x0000000100000000, 0x0000000100000000)
  eden space 175104K, 100% used [0x00000000e0000000,0x00000000eab00000,0x00000000eab00000)
  from space 174592K, 0% used [0x00000000eab00000,0x00000000eab00000,0x00000000f5580000)
  to   space 174592K, 0% used [0x00000000f5580000,0x00000000f5580000,0x0000000100000000)
 ParOldGen       total 1048576K, used 959054K [0x00000000a0000000, 0x00000000e0000000, 0x00000000e0000000)
  object space 1048576K, 91% used [0x00000000a0000000,0x00000000da8939b0,0x00000000e0000000)
 Metaspace       used 107364K, capacity 112134K, committed 115608K, reserved 1150976K
  class space    used 12779K, capacity 13744K, committed 14256K, reserved 1048576K
Event: 1921.889 GC heap after
Heap after GC invocations=379 (full 55):
 PSYoungGen      total 349696K, used 0K [0x00000000e0000000, 0x0000000100000000, 0x0000000100000000)
  eden space 175104K, 0% used [0x00000000e0000000,0x00000000e0000000,0x00000000eab00000)
  from space 174592K, 0% used [0x00000000eab00000,0x00000000eab00000,0x00000000f5580000)
  to   space 174592K, 0% used [0x00000000f5580000,0x00000000f5580000,0x0000000100000000)
 ParOldGen       total 1048576K, used 973177K [0x00000000a0000000, 0x00000000e0000000, 0x00000000e0000000)
  object space 1048576K, 92% used [0x00000000a0000000,0x00000000db65e6a8,0x00000000e0000000)
 Metaspace       used 107364K, capacity 112134K, committed 115608K, reserved 1150976K
  class space    used 12779K, capacity 13744K, committed 14256K, reserved 1048576K
}
Event: 1922.162 GC heap before
{Heap before GC invocations=380 (full 56):
 PSYoungGen      total 349696K, used 175104K [0x00000000e0000000, 0x0000000100000000, 0x0000000100000000)
  eden space 175104K, 100% used [0x00000000e0000000,0x00000000eab00000,0x00000000eab00000)
  from space 174592K, 0% used [0x00000000eab00000,0x00000000eab00000,0x00000000f5580000)
  to   space 174592K, 0% used [0x00000000f5580000,0x00000000f5580000,0x0000000100000000)
 ParOldGen       total 1048576K, used 973177K [0x00000000a0000000, 0x00000000e0000000, 0x00000000e0000000)
  object space 1048576K, 92% used [0x00000000a0000000,0x00000000db65e6a8,0x00000000e0000000)
 Metaspace       used 107364K, capacity 112134K, committed 115608K, reserved 1150976K
  class space    used 12779K, capacity 13744K, committed 14256K, reserved 1048576K

